  [1m[35m (1.7ms)[0m  [1m[34mSELECT sqlite_version(*)[0m
  [1m[35m (10.5ms)[0m  [1m[35mCREATE TABLE "schema_migrations" ("version" varchar NOT NULL PRIMARY KEY)[0m
  [1m[35m (10.0ms)[0m  [1m[35mCREATE TABLE "ar_internal_metadata" ("key" varchar NOT NULL PRIMARY KEY, "value" varchar, "created_at" datetime(6) NOT NULL, "updated_at" datetime(6) NOT NULL)[0m
  [1m[35m (0.2ms)[0m  [1m[34mSELECT "schema_migrations"."version" FROM "schema_migrations" ORDER BY "schema_migrations"."version" ASC[0m
Migrating to CreateContacts (20220805131656)
  [1m[35m (0.1ms)[0m  [1m[36mbegin transaction[0m
  [1m[35m (0.5ms)[0m  [1m[35mCREATE TABLE "contacts" ("id" integer PRIMARY KEY AUTOINCREMENT NOT NULL, "name" varchar, "address" varchar, "phone" varchar, "email" varchar, "created_at" datetime(6) NOT NULL, "updated_at" datetime(6) NOT NULL)[0m
  [1m[36mActiveRecord::SchemaMigration Create (0.2ms)[0m  [1m[32mINSERT INTO "schema_migrations" ("version") VALUES (?)[0m  [["version", "20220805131656"]]
  [1m[35m (20.4ms)[0m  [1m[36mcommit transaction[0m
  [1m[36mActiveRecord::InternalMetadata Load (0.2ms)[0m  [1m[34mSELECT "ar_internal_metadata".* FROM "ar_internal_metadata" WHERE "ar_internal_metadata"."key" = ? LIMIT ?[0m  [["key", "environment"], ["LIMIT", 1]]
  [1m[35m (0.1ms)[0m  [1m[36mbegin transaction[0m
  [1m[36mActiveRecord::InternalMetadata Create (0.3ms)[0m  [1m[32mINSERT INTO "ar_internal_metadata" ("key", "value", "created_at", "updated_at") VALUES (?, ?, ?, ?)[0m  [["key", "environment"], ["value", "development"], ["created_at", "2022-08-05 13:17:18.144300"], ["updated_at", "2022-08-05 13:17:18.144300"]]
  [1m[35m (12.1ms)[0m  [1m[36mcommit transaction[0m
  [1m[35m (0.1ms)[0m  [1m[34mSELECT sqlite_version(*)[0m
  [1m[35m (0.1ms)[0m  [1m[34mSELECT "schema_migrations"."version" FROM "schema_migrations" ORDER BY "schema_migrations"."version" ASC[0m
  [1m[35m (0.5ms)[0m  [1m[34mSELECT sqlite_version(*)[0m
  [1m[35m (0.2ms)[0m  [1m[36mbegin transaction[0m
  [1m[36mContact Create (0.4ms)[0m  [1m[32mINSERT INTO "contacts" ("name", "address", "phone", "email", "created_at", "updated_at") VALUES (?, ?, ?, ?, ?, ?)[0m  [["name", "Arslan"], ["address", "Makkah colony"], ["phone", "0312020320"], ["email", "whoareYou@gmail.com"], ["created_at", "2022-08-05 13:26:42.350500"], ["updated_at", "2022-08-05 13:26:42.350500"]]
  [1m[35m (13.4ms)[0m  [1m[36mcommit transaction[0m
  [1m[35m (0.1ms)[0m  [1m[36mbegin transaction[0m
  [1m[36mContact Create (0.6ms)[0m  [1m[32mINSERT INTO "contacts" ("name", "address", "phone", "email", "created_at", "updated_at") VALUES (?, ?, ?, ?, ?, ?)[0m  [["name", "Farhan"], ["address", "Makkah colony"], ["phone", "0312020320"], ["email", "whoareYou@gmail.com"], ["created_at", "2022-08-05 13:27:31.402404"], ["updated_at", "2022-08-05 13:27:31.402404"]]
  [1m[35m (13.8ms)[0m  [1m[36mcommit transaction[0m
  [1m[35m (0.4ms)[0m  [1m[34mSELECT sqlite_version(*)[0m
  [1m[35m (0.1ms)[0m  [1m[34mSELECT "schema_migrations"."version" FROM "schema_migrations" ORDER BY "schema_migrations"."version" ASC[0m
Started GET "/" for ::1 at 2022-08-05 18:43:39 +0500
  [1m[35m (0.4ms)[0m  [1m[34mSELECT sqlite_version(*)[0m
  [1m[35m (0.2ms)[0m  [1m[34mSELECT "schema_migrations"."version" FROM "schema_migrations" ORDER BY "schema_migrations"."version" ASC[0m
Processing by Rails::WelcomeController#index as HTML
  Rendering /home/devntech/.rbenv/versions/2.6.10/lib/ruby/gems/2.6.0/gems/railties-6.0.5.1/lib/rails/templates/rails/welcome/index.html.erb
  Rendered /home/devntech/.rbenv/versions/2.6.10/lib/ruby/gems/2.6.0/gems/railties-6.0.5.1/lib/rails/templates/rails/welcome/index.html.erb (Duration: 7.6ms | Allocations: 483)
Completed 200 OK in 29ms (Views: 13.8ms | ActiveRecord: 0.0ms | Allocations: 4513)


Started GET "/rails/routes/info" for ::1 at 2022-08-05 18:43:51 +0500
  
ActionController::RoutingError (No route matches [GET] "/rails/routes/info"):
  
actionpack (6.0.5.1) lib/action_dispatch/middleware/debug_exceptions.rb:36:in `call'
web-console (4.2.0) lib/web_console/middleware.rb:132:in `call_app'
web-console (4.2.0) lib/web_console/middleware.rb:28:in `block in call'
web-console (4.2.0) lib/web_console/middleware.rb:17:in `catch'
web-console (4.2.0) lib/web_console/middleware.rb:17:in `call'
actionpack (6.0.5.1) lib/action_dispatch/middleware/show_exceptions.rb:33:in `call'
railties (6.0.5.1) lib/rails/rack/logger.rb:37:in `call_app'
railties (6.0.5.1) lib/rails/rack/logger.rb:26:in `block in call'
activesupport (6.0.5.1) lib/active_support/tagged_logging.rb:80:in `block in tagged'
activesupport (6.0.5.1) lib/active_support/tagged_logging.rb:28:in `tagged'
activesupport (6.0.5.1) lib/active_support/tagged_logging.rb:80:in `tagged'
railties (6.0.5.1) lib/rails/rack/logger.rb:26:in `call'
sprockets-rails (3.4.2) lib/sprockets/rails/quiet_assets.rb:13:in `call'
actionpack (6.0.5.1) lib/action_dispatch/middleware/remote_ip.rb:81:in `call'
actionpack (6.0.5.1) lib/action_dispatch/middleware/request_id.rb:27:in `call'
rack (2.2.4) lib/rack/method_override.rb:24:in `call'
rack (2.2.4) lib/rack/runtime.rb:22:in `call'
activesupport (6.0.5.1) lib/active_support/cache/strategy/local_cache_middleware.rb:29:in `call'
actionpack (6.0.5.1) lib/action_dispatch/middleware/executor.rb:14:in `call'
actionpack (6.0.5.1) lib/action_dispatch/middleware/static.rb:126:in `call'
rack (2.2.4) lib/rack/sendfile.rb:110:in `call'
actionpack (6.0.5.1) lib/action_dispatch/middleware/host_authorization.rb:103:in `call'
webpacker (4.3.0) lib/webpacker/dev_server_proxy.rb:23:in `perform_request'
rack-proxy (0.7.2) lib/rack/proxy.rb:67:in `call'
railties (6.0.5.1) lib/rails/engine.rb:527:in `call'
puma (4.3.12) lib/puma/configuration.rb:228:in `call'
puma (4.3.12) lib/puma/server.rb:727:in `handle_request'
puma (4.3.12) lib/puma/server.rb:476:in `process_client'
puma (4.3.12) lib/puma/server.rb:332:in `block in run'
puma (4.3.12) lib/puma/thread_pool.rb:134:in `block in spawn_thread'
Started GET "/contacts" for ::1 at 2022-08-05 18:55:14 +0500
  [1m[35m (0.1ms)[0m  [1m[34mSELECT sqlite_version(*)[0m
Processing by ContactsController#index as HTML
  Rendering contacts/index.html.erb within layouts/application
  Rendered contacts/index.html.erb within layouts/application (Duration: 0.5ms | Allocations: 81)
[Webpacker] Compiling...
[Webpacker] Compiled all packs in /home/devntech/Documents/MyTraining/ROR-practice/crud_application/public/packs
[Webpacker] Though the "loose" option was set to "false" in your @babel/preset-env config, it will not be used for @babel/plugin-proposal-private-property-in-object since the "loose" mode option was set to "true" for @babel/plugin-proposal-class-properties.
The "loose" option must be the same for @babel/plugin-proposal-class-properties, @babel/plugin-proposal-private-methods and @babel/plugin-proposal-private-property-in-object (when they are enabled): you can silence this warning by explicitly adding
	["@babel/plugin-proposal-private-property-in-object", { "loose": true }]
to the "plugins" section of your Babel config.
Though the "loose" option was set to "false" in your @babel/preset-env config, it will not be used for @babel/plugin-proposal-private-methods since the "loose" mode option was set to "true" for @babel/plugin-proposal-private-property-in-object.
The "loose" option must be the same for @babel/plugin-proposal-class-properties, @babel/plugin-proposal-private-methods and @babel/plugin-proposal-private-property-in-object (when they are enabled): you can silence this warning by explicitly adding
	["@babel/plugin-proposal-private-methods", { "loose": true }]
to the "plugins" section of your Babel config.
Though the "loose" option was set to "false" in your @babel/preset-env config, it will not be used for @babel/plugin-proposal-private-property-in-object since the "loose" mode option was set to "true" for @babel/plugin-proposal-class-properties.
The "loose" option must be the same for @babel/plugin-proposal-class-properties, @babel/plugin-proposal-private-methods and @babel/plugin-proposal-private-property-in-object (when they are enabled): you can silence this warning by explicitly adding
	["@babel/plugin-proposal-private-property-in-object", { "loose": true }]
to the "plugins" section of your Babel config.
Though the "loose" option was set to "false" in your @babel/preset-env config, it will not be used for @babel/plugin-proposal-private-methods since the "loose" mode option was set to "true" for @babel/plugin-proposal-private-property-in-object.
The "loose" option must be the same for @babel/plugin-proposal-class-properties, @babel/plugin-proposal-private-methods and @babel/plugin-proposal-private-property-in-object (when they are enabled): you can silence this warning by explicitly adding
	["@babel/plugin-proposal-private-methods", { "loose": true }]
to the "plugins" section of your Babel config.
Though the "loose" option was set to "false" in your @babel/preset-env config, it will not be used for @babel/plugin-proposal-private-property-in-object since the "loose" mode option was set to "true" for @babel/plugin-proposal-class-properties.
The "loose" option must be the same for @babel/plugin-proposal-class-properties, @babel/plugin-proposal-private-methods and @babel/plugin-proposal-private-property-in-object (when they are enabled): you can silence this warning by explicitly adding
	["@babel/plugin-proposal-private-property-in-object", { "loose": true }]
to the "plugins" section of your Babel config.
Though the "loose" option was set to "false" in your @babel/preset-env config, it will not be used for @babel/plugin-proposal-private-methods since the "loose" mode option was set to "true" for @babel/plugin-proposal-private-property-in-object.
The "loose" option must be the same for @babel/plugin-proposal-class-properties, @babel/plugin-proposal-private-methods and @babel/plugin-proposal-private-property-in-object (when they are enabled): you can silence this warning by explicitly adding
	["@babel/plugin-proposal-private-methods", { "loose": true }]
to the "plugins" section of your Babel config.
Though the "loose" option was set to "false" in your @babel/preset-env config, it will not be used for @babel/plugin-proposal-private-property-in-object since the "loose" mode option was set to "true" for @babel/plugin-proposal-class-properties.
The "loose" option must be the same for @babel/plugin-proposal-class-properties, @babel/plugin-proposal-private-methods and @babel/plugin-proposal-private-property-in-object (when they are enabled): you can silence this warning by explicitly adding
	["@babel/plugin-proposal-private-property-in-object", { "loose": true }]
to the "plugins" section of your Babel config.
Though the "loose" option was set to "false" in your @babel/preset-env config, it will not be used for @babel/plugin-proposal-private-methods since the "loose" mode option was set to "true" for @babel/plugin-proposal-private-property-in-object.
The "loose" option must be the same for @babel/plugin-proposal-class-properties, @babel/plugin-proposal-private-methods and @babel/plugin-proposal-private-property-in-object (when they are enabled): you can silence this warning by explicitly adding
	["@babel/plugin-proposal-private-methods", { "loose": true }]
to the "plugins" section of your Babel config.
Though the "loose" option was set to "false" in your @babel/preset-env config, it will not be used for @babel/plugin-proposal-private-property-in-object since the "loose" mode option was set to "true" for @babel/plugin-proposal-class-properties.
The "loose" option must be the same for @babel/plugin-proposal-class-properties, @babel/plugin-proposal-private-methods and @babel/plugin-proposal-private-property-in-object (when they are enabled): you can silence this warning by explicitly adding
	["@babel/plugin-proposal-private-property-in-object", { "loose": true }]
to the "plugins" section of your Babel config.
Though the "loose" option was set to "false" in your @babel/preset-env config, it will not be used for @babel/plugin-proposal-private-methods since the "loose" mode option was set to "true" for @babel/plugin-proposal-private-property-in-object.
The "loose" option must be the same for @babel/plugin-proposal-class-properties, @babel/plugin-proposal-private-methods and @babel/plugin-proposal-private-property-in-object (when they are enabled): you can silence this warning by explicitly adding
	["@babel/plugin-proposal-private-methods", { "loose": true }]
to the "plugins" section of your Babel config.

[Webpacker] Hash: 723d3d26ed117f081b59
Version: webpack 4.46.0
Time: 1722ms
Built at: 08/05/2022 6:55:18 PM
                                     Asset       Size       Chunks                         Chunk Names
    js/application-69f1934bcb81066d6a9f.js    120 KiB  application  [emitted] [immutable]  application
js/application-69f1934bcb81066d6a9f.js.map    136 KiB  application  [emitted] [dev]        application
                             manifest.json  364 bytes               [emitted]              
Entrypoint application = js/application-69f1934bcb81066d6a9f.js js/application-69f1934bcb81066d6a9f.js.map
[./app/javascript/channels sync recursive _channel\.js$] ./app/javascript/channels sync _channel\.js$ 160 bytes {application} [built]
[./app/javascript/channels/index.js] 211 bytes {application} [built]
[./app/javascript/packs/application.js] 749 bytes {application} [built]
    + 3 hidden modules

Completed 200 OK in 3452ms (Views: 3451.0ms | ActiveRecord: 0.0ms | Allocations: 18738)


Started GET "/contacts" for ::1 at 2022-08-05 19:21:18 +0500
  [1m[35m (0.1ms)[0m  [1m[34mSELECT sqlite_version(*)[0m
Processing by ContactsController#index as HTML
  Rendering contacts/index.html.erb within layouts/application
  [1m[36mContact Load (0.2ms)[0m  [1m[34mSELECT "contacts".* FROM "contacts"[0m
  ↳ app/views/contacts/index.html.erb:16
  Rendered contacts/index.html.erb within layouts/application (Duration: 11.9ms | Allocations: 6567)
[Webpacker] Everything's up-to-date. Nothing to do
Completed 200 OK in 20ms (Views: 16.5ms | ActiveRecord: 1.6ms | Allocations: 11420)


Started GET "/contacts" for ::1 at 2022-08-05 19:22:23 +0500
Processing by ContactsController#index as HTML
  Rendering contacts/index.html.erb within layouts/application
  [1m[36mContact Load (0.1ms)[0m  [1m[34mSELECT "contacts".* FROM "contacts"[0m
  ↳ app/views/contacts/index.html.erb:16
  Rendered contacts/index.html.erb within layouts/application (Duration: 3.0ms | Allocations: 1292)
[Webpacker] Everything's up-to-date. Nothing to do
Completed 200 OK in 12ms (Views: 10.4ms | ActiveRecord: 0.1ms | Allocations: 5792)


Started GET "/contacts/1" for ::1 at 2022-08-05 19:22:25 +0500
Processing by ContactsController#show as HTML
  Parameters: {"id"=>"1"}
  Rendering contacts/show.html.erb within layouts/application
  Rendered contacts/show.html.erb within layouts/application (Duration: 2.1ms | Allocations: 1502)
Completed 500 Internal Server Error in 4ms (ActiveRecord: 0.0ms | Allocations: 2169)


  
ActionView::Template::Error (undefined method `name' for nil:NilClass):
    1: <p id="notice"><%= notice %></p>
    2: <p>
    3:   <h2>Contact Name:</h2>
    4:   <%= @contact.name %>
    5: </p>
    6: <p>
    7:   <h3>Contact Number:</h3>
  
app/views/contacts/show.html.erb:4
Started GET "/contacts" for ::1 at 2022-08-05 19:22:42 +0500
Processing by ContactsController#index as HTML
  Rendering contacts/index.html.erb within layouts/application
  [1m[36mContact Load (0.2ms)[0m  [1m[34mSELECT "contacts".* FROM "contacts"[0m
  ↳ app/views/contacts/index.html.erb:16
  Rendered contacts/index.html.erb within layouts/application (Duration: 3.0ms | Allocations: 1009)
[Webpacker] Everything's up-to-date. Nothing to do
Completed 200 OK in 11ms (Views: 9.8ms | ActiveRecord: 0.2ms | Allocations: 4596)


Started GET "/contacts/new" for ::1 at 2022-08-05 19:22:50 +0500
Processing by ContactsController#new as HTML
  Rendering contacts/new.html.erb within layouts/application
  Rendered contacts/new.html.erb within layouts/application (Duration: 0.2ms | Allocations: 74)
[Webpacker] Everything's up-to-date. Nothing to do
Completed 200 OK in 6ms (Views: 5.0ms | ActiveRecord: 0.0ms | Allocations: 3822)


Started GET "/contacts/1" for ::1 at 2022-08-05 19:25:26 +0500
Processing by ContactsController#show as HTML
  Parameters: {"id"=>"1"}
  Rendering contacts/show.html.erb within layouts/application
  Rendered contacts/show.html.erb within layouts/application (Duration: 1.7ms | Allocations: 1487)
Completed 500 Internal Server Error in 4ms (ActiveRecord: 0.0ms | Allocations: 2746)


  
ActionView::Template::Error (undefined method `name' for nil:NilClass):
    1: <p id="notice"><%= notice %></p>
    2: <p>
    3:   <h2>Contact Name:</h2>
    4:   <%= @contact.name %>
    5: </p>
    6: <p>
    7:   <h3>Contact Number:</h3>
  
app/views/contacts/show.html.erb:4
Started GET "/contacts" for ::1 at 2022-08-05 19:25:31 +0500
Processing by ContactsController#index as HTML
  Rendering contacts/index.html.erb within layouts/application
  [1m[36mContact Load (0.2ms)[0m  [1m[34mSELECT "contacts".* FROM "contacts"[0m
  ↳ app/views/contacts/index.html.erb:16
  Rendered contacts/index.html.erb within layouts/application (Duration: 4.0ms | Allocations: 1280)
[Webpacker] Everything's up-to-date. Nothing to do
Completed 200 OK in 11ms (Views: 9.9ms | ActiveRecord: 0.2ms | Allocations: 5180)


Started GET "/contacts/new" for ::1 at 2022-08-05 19:25:35 +0500
Processing by ContactsController#new as HTML
  Rendering contacts/new.html.erb within layouts/application
  Rendered contacts/_form.html.erb (Duration: 0.8ms | Allocations: 1295)
  Rendered contacts/new.html.erb within layouts/application (Duration: 1.7ms | Allocations: 1621)
Completed 500 Internal Server Error in 3ms (ActiveRecord: 0.0ms | Allocations: 2307)


  
ActionView::SyntaxErrorInTemplate (Encountered a syntax error while rendering template: check <%= form_for @contact do |f| %>
  <%= f.label :first_name %>
  <%= f.text_field :first_name %><br>
  <%= f.label :address %>
  <%= f.text_area :address %><br>
  <%= f.label :phone %>
  <%= f.text_field :attribute :phone %><br>
  <%= f.submit 'Create A contact' %>
<% end %>

):
1:    <%= form_for @contact do |f| %>
2:      <%= f.label :first_name %>
3:      <%= f.text_field :first_name %><br>
4:      <%= f.label :address %>
5:      <%= f.text_area :address %><br>
6:      <%= f.label :phone %>
7:      <%= f.text_field :attribute :phone %><br>
8:      <%= f.submit 'Create A contact' %>
9:    <% end %>
  
app/views/contacts/_form.html.erb:7: syntax error, unexpected ':', expecting ')'
app/views/contacts/_form.html.erb:7: syntax error, unexpected ':', expecting ')'
app/views/contacts/_form.html.erb:7: syntax error, unexpected ':', expecting ')'
app/views/contacts/_form.html.erb:7: syntax error, unexpected ':', expecting ')'
app/views/contacts/_form.html.erb:7: syntax error, unexpected ':', expecting ')'
app/views/contacts/_form.html.erb:7: syntax error, unexpected ':', expecting ')'
app/views/contacts/new.html.erb:3
Started GET "/contacts/new" for ::1 at 2022-08-05 19:26:32 +0500
Processing by ContactsController#new as HTML
  Rendering contacts/new.html.erb within layouts/application
  Rendered contacts/_form.html.erb (Duration: 28.9ms | Allocations: 11681)
  Rendered contacts/new.html.erb within layouts/application (Duration: 29.8ms | Allocations: 12006)
Completed 500 Internal Server Error in 33ms (ActiveRecord: 0.0ms | Allocations: 13294)


  
ActionView::Template::Error (undefined method `first_name' for #<Contact:0x00007f36b43dc268>):
    1: <%= form_for @contact do |f| %>
    2:   <%= f.label :first_name %>
    3:   <%= f.text_field :first_name %><br>
    4:   <%= f.label :address %>
    5:   <%= f.text_area :address %><br>
    6:   <%= f.label :phone %>
  
app/views/contacts/_form.html.erb:3
app/views/contacts/_form.html.erb:1
app/views/contacts/new.html.erb:3
Started GET "/contacts/new" for ::1 at 2022-08-05 19:26:57 +0500
Processing by ContactsController#new as HTML
  Rendering contacts/new.html.erb within layouts/application
  Rendered contacts/_form.html.erb (Duration: 6.1ms | Allocations: 1486)
  Rendered contacts/new.html.erb within layouts/application (Duration: 7.2ms | Allocations: 1839)
[Webpacker] Everything's up-to-date. Nothing to do
Completed 200 OK in 16ms (Views: 14.5ms | ActiveRecord: 0.0ms | Allocations: 6347)


Started GET "/contacts" for ::1 at 2022-08-05 19:27:06 +0500
Processing by ContactsController#index as HTML
  Rendering contacts/index.html.erb within layouts/application
  [1m[36mContact Load (0.2ms)[0m  [1m[34mSELECT "contacts".* FROM "contacts"[0m
  ↳ app/views/contacts/index.html.erb:16
  Rendered contacts/index.html.erb within layouts/application (Duration: 3.0ms | Allocations: 1280)
[Webpacker] Everything's up-to-date. Nothing to do
Completed 200 OK in 12ms (Views: 10.4ms | ActiveRecord: 0.2ms | Allocations: 4998)


Started GET "/contacts/new" for ::1 at 2022-08-05 19:27:08 +0500
Processing by ContactsController#new as HTML
  Rendering contacts/new.html.erb within layouts/application
  Rendered contacts/_form.html.erb (Duration: 2.3ms | Allocations: 986)
  Rendered contacts/new.html.erb within layouts/application (Duration: 2.9ms | Allocations: 1088)
[Webpacker] Everything's up-to-date. Nothing to do
Completed 200 OK in 10ms (Views: 9.1ms | ActiveRecord: 0.0ms | Allocations: 4672)


Started POST "/contacts" for ::1 at 2022-08-05 19:27:31 +0500
Processing by ContactsController#create as HTML
  Parameters: {"authenticity_token"=>"eV5kbA3LjsTcxRfJUTqgwacuYISZ4lKTFEIsCiaTYvQXh4CXsnSr57n8OpTzJXOz3uwZFFdME7KIAH1m2NPUdw==", "contact"=>{"name"=>"ikram", "address"=>"awan market nadeem chowk", "phone"=>"03120300210"}, "commit"=>"Create A contact"}
  [1m[35m (0.1ms)[0m  [1m[36mbegin transaction[0m
  ↳ app/controllers/contacts_controller.rb:10:in `create'
  [1m[36mContact Create (1.2ms)[0m  [1m[32mINSERT INTO "contacts" ("name", "address", "phone", "created_at", "updated_at") VALUES (?, ?, ?, ?, ?)[0m  [["name", "ikram"], ["address", "awan market nadeem chowk"], ["phone", "03120300210"], ["created_at", "2022-08-05 14:27:31.630062"], ["updated_at", "2022-08-05 14:27:31.630062"]]
  ↳ app/controllers/contacts_controller.rb:10:in `create'
  [1m[35m (12.7ms)[0m  [1m[36mcommit transaction[0m
  ↳ app/controllers/contacts_controller.rb:10:in `create'
Redirected to http://localhost:3000/contacts
Completed 302 Found in 22ms (ActiveRecord: 14.0ms | Allocations: 5282)


Started GET "/contacts" for ::1 at 2022-08-05 19:27:31 +0500
Processing by ContactsController#index as HTML
  Rendering contacts/index.html.erb within layouts/application
  [1m[36mContact Load (0.2ms)[0m  [1m[34mSELECT "contacts".* FROM "contacts"[0m
  ↳ app/views/contacts/index.html.erb:16
  Rendered contacts/index.html.erb within layouts/application (Duration: 1.8ms | Allocations: 1168)
[Webpacker] Everything's up-to-date. Nothing to do
Completed 200 OK in 7ms (Views: 6.1ms | ActiveRecord: 0.2ms | Allocations: 4755)


Started DELETE "/contacts" for ::1 at 2022-08-05 19:27:38 +0500
  
ActionController::RoutingError (No route matches [DELETE] "/contacts"):
  
actionpack (6.0.5.1) lib/action_dispatch/middleware/debug_exceptions.rb:36:in `call'
web-console (4.2.0) lib/web_console/middleware.rb:132:in `call_app'
web-console (4.2.0) lib/web_console/middleware.rb:28:in `block in call'
web-console (4.2.0) lib/web_console/middleware.rb:17:in `catch'
web-console (4.2.0) lib/web_console/middleware.rb:17:in `call'
actionpack (6.0.5.1) lib/action_dispatch/middleware/show_exceptions.rb:33:in `call'
railties (6.0.5.1) lib/rails/rack/logger.rb:37:in `call_app'
railties (6.0.5.1) lib/rails/rack/logger.rb:26:in `block in call'
activesupport (6.0.5.1) lib/active_support/tagged_logging.rb:80:in `block in tagged'
activesupport (6.0.5.1) lib/active_support/tagged_logging.rb:28:in `tagged'
activesupport (6.0.5.1) lib/active_support/tagged_logging.rb:80:in `tagged'
railties (6.0.5.1) lib/rails/rack/logger.rb:26:in `call'
sprockets-rails (3.4.2) lib/sprockets/rails/quiet_assets.rb:13:in `call'
actionpack (6.0.5.1) lib/action_dispatch/middleware/remote_ip.rb:81:in `call'
actionpack (6.0.5.1) lib/action_dispatch/middleware/request_id.rb:27:in `call'
rack (2.2.4) lib/rack/method_override.rb:24:in `call'
rack (2.2.4) lib/rack/runtime.rb:22:in `call'
activesupport (6.0.5.1) lib/active_support/cache/strategy/local_cache_middleware.rb:29:in `call'
actionpack (6.0.5.1) lib/action_dispatch/middleware/executor.rb:14:in `call'
actionpack (6.0.5.1) lib/action_dispatch/middleware/static.rb:126:in `call'
rack (2.2.4) lib/rack/sendfile.rb:110:in `call'
actionpack (6.0.5.1) lib/action_dispatch/middleware/host_authorization.rb:103:in `call'
webpacker (4.3.0) lib/webpacker/dev_server_proxy.rb:23:in `perform_request'
rack-proxy (0.7.2) lib/rack/proxy.rb:67:in `call'
railties (6.0.5.1) lib/rails/engine.rb:527:in `call'
puma (4.3.12) lib/puma/configuration.rb:228:in `call'
puma (4.3.12) lib/puma/server.rb:727:in `handle_request'
puma (4.3.12) lib/puma/server.rb:476:in `process_client'
puma (4.3.12) lib/puma/server.rb:332:in `block in run'
puma (4.3.12) lib/puma/thread_pool.rb:134:in `block in spawn_thread'
Started GET "/contacts/new" for ::1 at 2022-08-05 19:28:47 +0500
Processing by ContactsController#new as HTML
  Rendering contacts/new.html.erb within layouts/application
  Rendered contacts/_form.html.erb (Duration: 3.1ms | Allocations: 1491)
  Rendered contacts/new.html.erb within layouts/application (Duration: 4.8ms | Allocations: 1844)
[Webpacker] Everything's up-to-date. Nothing to do
Completed 200 OK in 14ms (Views: 12.7ms | ActiveRecord: 0.0ms | Allocations: 6349)


Started GET "/contacts/new" for ::1 at 2022-08-05 19:31:42 +0500
Processing by ContactsController#new as HTML
  Rendering contacts/new.html.erb within layouts/application
  Rendered contacts/_form.html.erb (Duration: 3.0ms | Allocations: 1481)
  Rendered contacts/new.html.erb within layouts/application (Duration: 4.4ms | Allocations: 1833)
[Webpacker] Everything's up-to-date. Nothing to do
Completed 200 OK in 13ms (Views: 12.0ms | ActiveRecord: 0.0ms | Allocations: 6332)


Started POST "/contacts" for ::1 at 2022-08-05 19:31:47 +0500
Processing by ContactsController#create as HTML
  Parameters: {"contact"=>{"name"=>"", "address"=>"", "phone"=>"", "email"=>""}, "commit"=>"Create A contact", "authenticity_token"=>"K4P2nq/8cA5Wr6xzejUvFFtxi9lzwJGhPHLb75ry6UlFWhJlEENVLTOWgS7YKvxmIrPySb1u0ICgMIqDZLJfyg=="}
  [1m[35m (0.1ms)[0m  [1m[36mbegin transaction[0m
  ↳ app/controllers/contacts_controller.rb:10:in `create'
  [1m[36mContact Create (0.5ms)[0m  [1m[32mINSERT INTO "contacts" ("name", "address", "phone", "email", "created_at", "updated_at") VALUES (?, ?, ?, ?, ?, ?)[0m  [["name", ""], ["address", ""], ["phone", ""], ["email", ""], ["created_at", "2022-08-05 14:31:47.245864"], ["updated_at", "2022-08-05 14:31:47.245864"]]
  ↳ app/controllers/contacts_controller.rb:10:in `create'
  [1m[35m (21.7ms)[0m  [1m[36mcommit transaction[0m
  ↳ app/controllers/contacts_controller.rb:10:in `create'
Redirected to http://localhost:3000/contacts
Completed 302 Found in 33ms (ActiveRecord: 22.3ms | Allocations: 5079)


Started GET "/contacts" for ::1 at 2022-08-05 19:31:47 +0500
Processing by ContactsController#index as HTML
  Rendering contacts/index.html.erb within layouts/application
  [1m[36mContact Load (0.1ms)[0m  [1m[34mSELECT "contacts".* FROM "contacts"[0m
  ↳ app/views/contacts/index.html.erb:16
  Rendered contacts/index.html.erb within layouts/application (Duration: 2.4ms | Allocations: 1614)
[Webpacker] Everything's up-to-date. Nothing to do
Completed 200 OK in 7ms (Views: 6.4ms | ActiveRecord: 0.1ms | Allocations: 5326)


Started GET "/contacts/new" for ::1 at 2022-08-05 19:31:50 +0500
Processing by ContactsController#new as HTML
  Rendering contacts/new.html.erb within layouts/application
  Rendered contacts/_form.html.erb (Duration: 2.8ms | Allocations: 1216)
  Rendered contacts/new.html.erb within layouts/application (Duration: 3.3ms | Allocations: 1318)
[Webpacker] Everything's up-to-date. Nothing to do
Completed 200 OK in 11ms (Views: 10.2ms | ActiveRecord: 0.0ms | Allocations: 4902)


Started GET "/contacts/new" for ::1 at 2022-08-05 19:31:52 +0500
Processing by ContactsController#new as HTML
  Rendering contacts/new.html.erb within layouts/application
  Rendered contacts/_form.html.erb (Duration: 2.5ms | Allocations: 1214)
  Rendered contacts/new.html.erb within layouts/application (Duration: 3.0ms | Allocations: 1316)
[Webpacker] Everything's up-to-date. Nothing to do
Completed 200 OK in 8ms (Views: 7.0ms | ActiveRecord: 0.0ms | Allocations: 4899)


Started POST "/contacts" for ::1 at 2022-08-05 19:35:19 +0500
  [1m[35m (0.2ms)[0m  [1m[34mSELECT sqlite_version(*)[0m
Processing by ContactsController#create as HTML
  Parameters: {"contact"=>{"name"=>"Adnan", "address"=>"Asskajsnasndia", "phone"=>"03120300210", "email"=>"adnan@gmail.com"}, "commit"=>"Create A contact", "authenticity_token"=>"w6J9Y9uhWlK8uRuy8ZQpmu9eLmWevtmO7sxIQ4F48h+te5mYZB5/cdmANu9Ti/rolpxX9VAQmK9yjhkvfzhEnA=="}
  [1m[35m (0.1ms)[0m  [1m[36mbegin transaction[0m
  ↳ app/controllers/contacts_controller.rb:10:in `create'
  [1m[36mContact Create (0.3ms)[0m  [1m[32mINSERT INTO "contacts" ("name", "address", "phone", "email", "created_at", "updated_at") VALUES (?, ?, ?, ?, ?, ?)[0m  [["name", "Adnan"], ["address", "Asskajsnasndia"], ["phone", "03120300210"], ["email", "adnan@gmail.com"], ["created_at", "2022-08-05 14:35:19.519451"], ["updated_at", "2022-08-05 14:35:19.519451"]]
  ↳ app/controllers/contacts_controller.rb:10:in `create'
  [1m[35m (13.0ms)[0m  [1m[36mcommit transaction[0m
  ↳ app/controllers/contacts_controller.rb:10:in `create'
Redirected to http://localhost:3000/contacts
Completed 302 Found in 27ms (ActiveRecord: 14.0ms | Allocations: 10287)


Started GET "/contacts" for ::1 at 2022-08-05 19:35:19 +0500
Processing by ContactsController#index as HTML
  Rendering contacts/index.html.erb within layouts/application
  [1m[36mContact Load (0.3ms)[0m  [1m[34mSELECT "contacts".* FROM "contacts"[0m
  ↳ app/views/contacts/index.html.erb:16
  Rendered contacts/index.html.erb within layouts/application (Duration: 3.1ms | Allocations: 1839)
[Webpacker] Everything's up-to-date. Nothing to do
Completed 200 OK in 11ms (Views: 9.5ms | ActiveRecord: 0.3ms | Allocations: 6735)


Started GET "/contacts" for ::1 at 2022-08-05 19:37:05 +0500
  [1m[35m (0.1ms)[0m  [1m[34mSELECT sqlite_version(*)[0m
Processing by ContactsController#index as HTML
  Rendering contacts/index.html.erb within layouts/application
  [1m[36mContact Load (0.4ms)[0m  [1m[34mSELECT "contacts".* FROM "contacts"[0m
  ↳ app/views/contacts/index.html.erb:16
  Rendered contacts/index.html.erb within layouts/application (Duration: 10.8ms | Allocations: 6709)
[Webpacker] Everything's up-to-date. Nothing to do
Completed 200 OK in 20ms (Views: 17.0ms | ActiveRecord: 1.3ms | Allocations: 11494)


Started GET "/contacts" for ::1 at 2022-08-05 19:37:06 +0500
Processing by ContactsController#index as HTML
  Rendering contacts/index.html.erb within layouts/application
  [1m[36mContact Load (0.3ms)[0m  [1m[34mSELECT "contacts".* FROM "contacts"[0m
  ↳ app/views/contacts/index.html.erb:16
  Rendered contacts/index.html.erb within layouts/application (Duration: 4.8ms | Allocations: 1518)
[Webpacker] Everything's up-to-date. Nothing to do
Completed 200 OK in 13ms (Views: 11.7ms | ActiveRecord: 0.3ms | Allocations: 5092)


Started GET "/contacts" for ::1 at 2022-08-05 19:37:08 +0500
Processing by ContactsController#index as HTML
  Rendering contacts/index.html.erb within layouts/application
  [1m[36mContact Load (0.2ms)[0m  [1m[34mSELECT "contacts".* FROM "contacts"[0m
  ↳ app/views/contacts/index.html.erb:16
  Rendered contacts/index.html.erb within layouts/application (Duration: 2.1ms | Allocations: 1502)
[Webpacker] Everything's up-to-date. Nothing to do
Completed 200 OK in 10ms (Views: 8.7ms | ActiveRecord: 0.2ms | Allocations: 5084)


Started GET "/contacts" for ::1 at 2022-08-05 19:37:08 +0500
Processing by ContactsController#index as HTML
  Rendering contacts/index.html.erb within layouts/application
  [1m[36mContact Load (0.2ms)[0m  [1m[34mSELECT "contacts".* FROM "contacts"[0m
  ↳ app/views/contacts/index.html.erb:16
  Rendered contacts/index.html.erb within layouts/application (Duration: 3.7ms | Allocations: 1502)
[Webpacker] Everything's up-to-date. Nothing to do
Completed 200 OK in 16ms (Views: 14.7ms | ActiveRecord: 0.2ms | Allocations: 5074)


Started GET "/contacts" for ::1 at 2022-08-05 19:37:08 +0500
Processing by ContactsController#index as HTML
  Rendering contacts/index.html.erb within layouts/application
  [1m[36mContact Load (0.2ms)[0m  [1m[34mSELECT "contacts".* FROM "contacts"[0m
  ↳ app/views/contacts/index.html.erb:16
  Rendered contacts/index.html.erb within layouts/application (Duration: 2.8ms | Allocations: 1502)
[Webpacker] Everything's up-to-date. Nothing to do
Completed 200 OK in 9ms (Views: 8.1ms | ActiveRecord: 0.2ms | Allocations: 5088)


Started GET "/contacts" for ::1 at 2022-08-05 19:37:14 +0500
Processing by ContactsController#index as HTML
  Rendering contacts/index.html.erb within layouts/application
  [1m[36mContact Load (0.4ms)[0m  [1m[34mSELECT "contacts".* FROM "contacts"[0m
  ↳ app/views/contacts/index.html.erb:16
  Rendered contacts/index.html.erb within layouts/application (Duration: 3.4ms | Allocations: 1502)
[Webpacker] Everything's up-to-date. Nothing to do
Completed 200 OK in 9ms (Views: 7.8ms | ActiveRecord: 0.4ms | Allocations: 5078)


Started GET "/contacts" for ::1 at 2022-08-05 19:37:22 +0500
Processing by ContactsController#index as HTML
  Rendering contacts/index.html.erb within layouts/application
  [1m[36mContact Load (0.2ms)[0m  [1m[34mSELECT "contacts".* FROM "contacts"[0m
  ↳ app/views/contacts/index.html.erb:15
  Rendered contacts/index.html.erb within layouts/application (Duration: 4.6ms | Allocations: 1781)
[Webpacker] Everything's up-to-date. Nothing to do
Completed 200 OK in 12ms (Views: 10.7ms | ActiveRecord: 0.2ms | Allocations: 6268)


Started GET "/contacts" for ::1 at 2022-08-05 19:37:23 +0500
Processing by ContactsController#index as HTML
  Rendering contacts/index.html.erb within layouts/application
  [1m[36mContact Load (0.2ms)[0m  [1m[34mSELECT "contacts".* FROM "contacts"[0m
  ↳ app/views/contacts/index.html.erb:15
  Rendered contacts/index.html.erb within layouts/application (Duration: 2.7ms | Allocations: 1511)
[Webpacker] Everything's up-to-date. Nothing to do
Completed 200 OK in 9ms (Views: 7.6ms | ActiveRecord: 0.2ms | Allocations: 5094)


Started GET "/contacts/1" for ::1 at 2022-08-05 19:37:34 +0500
Processing by ContactsController#show as HTML
  Parameters: {"id"=>"1"}
  Rendering contacts/show.html.erb within layouts/application
  Rendered contacts/show.html.erb within layouts/application (Duration: 1.3ms | Allocations: 1487)
Completed 500 Internal Server Error in 3ms (ActiveRecord: 0.0ms | Allocations: 2147)


  
ActionView::Template::Error (undefined method `name' for nil:NilClass):
    1: <p id="notice"><%= notice %></p>
    2: <p>
    3:   <h2>Contact Name:</h2>
    4:   <%= @contact.name %>
    5: </p>
    6: <p>
    7:   <h3>Contact Number:</h3>
  
app/views/contacts/show.html.erb:4
Started GET "/contacts" for ::1 at 2022-08-05 19:37:49 +0500
Processing by ContactsController#index as HTML
  Rendering contacts/index.html.erb within layouts/application
  [1m[36mContact Load (0.3ms)[0m  [1m[34mSELECT "contacts".* FROM "contacts"[0m
  ↳ app/views/contacts/index.html.erb:15
  Rendered contacts/index.html.erb within layouts/application (Duration: 3.3ms | Allocations: 1509)
[Webpacker] Everything's up-to-date. Nothing to do
Completed 200 OK in 13ms (Views: 11.8ms | ActiveRecord: 0.3ms | Allocations: 5094)


Started GET "/contacts/1" for ::1 at 2022-08-05 19:38:48 +0500
  [1m[35m (0.1ms)[0m  [1m[34mSELECT sqlite_version(*)[0m
Processing by ContactsController#show as HTML
  Parameters: {"id"=>"1"}
Completed 500 Internal Server Error in 173ms (ActiveRecord: 0.0ms | Allocations: 99301)


  
NameError (undefined local variable or method `id' for #<ContactsController:0x0000560e6f9ed378>):
  
app/controllers/contacts_controller.rb:21:in `show'
Started GET "/contacts" for ::1 at 2022-08-05 19:38:56 +0500
Processing by ContactsController#index as HTML
  Rendering contacts/index.html.erb within layouts/application
  [1m[36mContact Load (0.3ms)[0m  [1m[34mSELECT "contacts".* FROM "contacts"[0m
  ↳ app/views/contacts/index.html.erb:15
  Rendered contacts/index.html.erb within layouts/application (Duration: 40.7ms | Allocations: 6448)
[Webpacker] Everything's up-to-date. Nothing to do
Completed 200 OK in 50ms (Views: 47.2ms | ActiveRecord: 1.4ms | Allocations: 10235)


Started GET "/contacts/1" for ::1 at 2022-08-05 19:39:23 +0500
  [1m[35m (0.1ms)[0m  [1m[34mSELECT sqlite_version(*)[0m
Processing by ContactsController#show as HTML
  Parameters: {"id"=>"1"}
  [1m[36mContact Load (0.2ms)[0m  [1m[34mSELECT "contacts".* FROM "contacts" WHERE "contacts"."id" = ? LIMIT ?[0m  [["id", 1], ["LIMIT", 1]]
  ↳ app/controllers/contacts_controller.rb:21:in `show'
  Rendering contacts/show.html.erb within layouts/application
  Rendered contacts/show.html.erb within layouts/application (Duration: 0.2ms | Allocations: 81)
[Webpacker] Everything's up-to-date. Nothing to do
Completed 200 OK in 15ms (Views: 4.3ms | ActiveRecord: 0.8ms | Allocations: 9958)


Started GET "/contacts" for ::1 at 2022-08-05 19:39:27 +0500
Processing by ContactsController#index as HTML
  Rendering contacts/index.html.erb within layouts/application
  [1m[36mContact Load (0.2ms)[0m  [1m[34mSELECT "contacts".* FROM "contacts"[0m
  ↳ app/views/contacts/index.html.erb:15
  Rendered contacts/index.html.erb within layouts/application (Duration: 3.7ms | Allocations: 1549)
[Webpacker] Everything's up-to-date. Nothing to do
Completed 200 OK in 11ms (Views: 9.9ms | ActiveRecord: 0.2ms | Allocations: 5127)


Started GET "/contacts/1/edit" for ::1 at 2022-08-05 19:42:30 +0500
  [1m[35m (0.2ms)[0m  [1m[34mSELECT sqlite_version(*)[0m
Processing by ContactsController#edit as HTML
  Parameters: {"id"=>"1"}
  [1m[36mContact Load (0.3ms)[0m  [1m[34mSELECT "contacts".* FROM "contacts" WHERE "contacts"."id" = ? LIMIT ?[0m  [["id", 1], ["LIMIT", 1]]
  ↳ app/controllers/contacts_controller.rb:24:in `edit'
  Rendering contacts/edit.html.erb within layouts/application
  Rendered contacts/_form.html.erb (Duration: 3.7ms | Allocations: 1615)
  Rendered contacts/edit.html.erb within layouts/application (Duration: 4.9ms | Allocations: 1978)
[Webpacker] Everything's up-to-date. Nothing to do
Completed 200 OK in 27ms (Views: 12.5ms | ActiveRecord: 1.3ms | Allocations: 11655)


Started GET "/contacts" for ::1 at 2022-08-05 19:42:36 +0500
Processing by ContactsController#index as HTML
  Rendering contacts/index.html.erb within layouts/application
  [1m[36mContact Load (0.3ms)[0m  [1m[34mSELECT "contacts".* FROM "contacts"[0m
  ↳ app/views/contacts/index.html.erb:15
  Rendered contacts/index.html.erb within layouts/application (Duration: 4.4ms | Allocations: 1548)
[Webpacker] Everything's up-to-date. Nothing to do
Completed 200 OK in 13ms (Views: 11.9ms | ActiveRecord: 0.3ms | Allocations: 5119)


Started GET "/contacts/3/edit" for ::1 at 2022-08-05 19:42:41 +0500
Processing by ContactsController#edit as HTML
  Parameters: {"id"=>"3"}
  [1m[36mContact Load (0.2ms)[0m  [1m[34mSELECT "contacts".* FROM "contacts" WHERE "contacts"."id" = ? LIMIT ?[0m  [["id", 3], ["LIMIT", 1]]
  ↳ app/controllers/contacts_controller.rb:24:in `edit'
  Rendering contacts/edit.html.erb within layouts/application
  Rendered contacts/_form.html.erb (Duration: 3.6ms | Allocations: 1299)
  Rendered contacts/edit.html.erb within layouts/application (Duration: 4.0ms | Allocations: 1401)
[Webpacker] Everything's up-to-date. Nothing to do
Completed 200 OK in 14ms (Views: 11.5ms | ActiveRecord: 0.2ms | Allocations: 5517)


Started PATCH "/contacts/3" for ::1 at 2022-08-05 19:42:54 +0500
Processing by ContactsController#update as HTML
  Parameters: {"authenticity_token"=>"2+22pKoA/DryZRDKSo2A18NCdfhx1rPWUQWDKNLQVX4PTwFtd2t84GCijr3RN56nJ2hmbxhfUxNvnXkAW6J0XQ==", "contact"=>{"name"=>"ikram", "address"=>"awan market nadeem chowk", "phone"=>"03120300210", "email"=>"1234@gmail.com"}, "commit"=>"Create A contact", "id"=>"3"}
Completed 500 Internal Server Error in 2ms (ActiveRecord: 0.0ms | Allocations: 1212)


  
NoMethodError (undefined method `update' for nil:NilClass):
  
app/controllers/contacts_controller.rb:14:in `update'
Started GET "/" for ::1 at 2022-08-05 19:47:35 +0500
  [1m[35m (1.1ms)[0m  [1m[34mSELECT sqlite_version(*)[0m
  [1m[35m (0.2ms)[0m  [1m[34mSELECT "schema_migrations"."version" FROM "schema_migrations" ORDER BY "schema_migrations"."version" ASC[0m
Processing by Rails::WelcomeController#index as HTML
  Rendering /home/devntech/.rbenv/versions/2.6.10/lib/ruby/gems/2.6.0/gems/railties-6.0.5.1/lib/rails/templates/rails/welcome/index.html.erb
  Rendered /home/devntech/.rbenv/versions/2.6.10/lib/ruby/gems/2.6.0/gems/railties-6.0.5.1/lib/rails/templates/rails/welcome/index.html.erb (Duration: 6.9ms | Allocations: 312)
Completed 200 OK in 41ms (Views: 25.0ms | ActiveRecord: 0.0ms | Allocations: 2903)


Started GET "/contacts" for ::1 at 2022-08-05 19:47:42 +0500
Processing by ContactsController#index as HTML
  Rendering contacts/index.html.erb within layouts/application
  [1m[36mContact Load (0.2ms)[0m  [1m[34mSELECT "contacts".* FROM "contacts"[0m
  ↳ app/views/contacts/index.html.erb:15
  Rendered contacts/index.html.erb within layouts/application (Duration: 12.2ms | Allocations: 7196)
[Webpacker] Everything's up-to-date. Nothing to do
Completed 200 OK in 23ms (Views: 19.3ms | ActiveRecord: 1.3ms | Allocations: 14454)


Started GET "/contacts/5" for ::1 at 2022-08-05 19:47:47 +0500
Processing by ContactsController#show as HTML
  Parameters: {"id"=>"5"}
  [1m[36mContact Load (0.3ms)[0m  [1m[34mSELECT "contacts".* FROM "contacts" WHERE "contacts"."id" = ? LIMIT ?[0m  [["id", 5], ["LIMIT", 1]]
  ↳ app/controllers/contacts_controller.rb:21:in `show'
  Rendering contacts/show.html.erb within layouts/application
  Rendered contacts/show.html.erb within layouts/application (Duration: 3.1ms | Allocations: 268)
[Webpacker] Everything's up-to-date. Nothing to do
Completed 200 OK in 29ms (Views: 20.4ms | ActiveRecord: 0.3ms | Allocations: 5003)


Started GET "/contacts" for ::1 at 2022-08-05 19:47:51 +0500
Processing by ContactsController#index as HTML
  Rendering contacts/index.html.erb within layouts/application
  [1m[36mContact Load (0.2ms)[0m  [1m[34mSELECT "contacts".* FROM "contacts"[0m
  ↳ app/views/contacts/index.html.erb:15
  Rendered contacts/index.html.erb within layouts/application (Duration: 6.8ms | Allocations: 1515)
[Webpacker] Everything's up-to-date. Nothing to do
Completed 200 OK in 29ms (Views: 28.2ms | ActiveRecord: 0.2ms | Allocations: 5106)


Started GET "/contacts/3/edit" for ::1 at 2022-08-05 19:48:10 +0500
Processing by ContactsController#edit as HTML
  Parameters: {"id"=>"3"}
  [1m[36mContact Load (0.2ms)[0m  [1m[34mSELECT "contacts".* FROM "contacts" WHERE "contacts"."id" = ? LIMIT ?[0m  [["id", 3], ["LIMIT", 1]]
  ↳ app/controllers/contacts_controller.rb:24:in `edit'
  Rendering contacts/edit.html.erb within layouts/application
  Rendered contacts/_form.html.erb (Duration: 44.0ms | Allocations: 8362)
  Rendered contacts/edit.html.erb within layouts/application (Duration: 45.6ms | Allocations: 8726)
[Webpacker] Everything's up-to-date. Nothing to do
Completed 200 OK in 59ms (Views: 52.6ms | ActiveRecord: 0.2ms | Allocations: 12893)


Started PATCH "/contacts/3" for ::1 at 2022-08-05 19:48:20 +0500
Processing by ContactsController#update as HTML
  Parameters: {"authenticity_token"=>"UwFf5wl9cu+oLK57R3/nx9UQGbuhv+kCnFDLyUKpHfmHo+gu1BbyNTrrMAzcxfm3MToKLMg2CceiyDHhy9s82g==", "contact"=>{"name"=>"ikram", "address"=>"awan market nadeem chowk", "phone"=>"03120300210", "email"=>"jjasngmail.comj@"}, "commit"=>"Contact added", "id"=>"3"}
Completed 500 Internal Server Error in 2ms (ActiveRecord: 0.0ms | Allocations: 1205)


  
NoMethodError (undefined method `update' for nil:NilClass):
  
app/controllers/contacts_controller.rb:14:in `update'
Started GET "/rails/routes/info" for ::1 at 2022-08-05 19:48:51 +0500
  
ActionController::RoutingError (No route matches [GET] "/rails/routes/info"):
  
actionpack (6.0.5.1) lib/action_dispatch/middleware/debug_exceptions.rb:36:in `call'
web-console (4.2.0) lib/web_console/middleware.rb:132:in `call_app'
web-console (4.2.0) lib/web_console/middleware.rb:28:in `block in call'
web-console (4.2.0) lib/web_console/middleware.rb:17:in `catch'
web-console (4.2.0) lib/web_console/middleware.rb:17:in `call'
actionpack (6.0.5.1) lib/action_dispatch/middleware/show_exceptions.rb:33:in `call'
railties (6.0.5.1) lib/rails/rack/logger.rb:37:in `call_app'
railties (6.0.5.1) lib/rails/rack/logger.rb:26:in `block in call'
activesupport (6.0.5.1) lib/active_support/tagged_logging.rb:80:in `block in tagged'
activesupport (6.0.5.1) lib/active_support/tagged_logging.rb:28:in `tagged'
activesupport (6.0.5.1) lib/active_support/tagged_logging.rb:80:in `tagged'
railties (6.0.5.1) lib/rails/rack/logger.rb:26:in `call'
sprockets-rails (3.4.2) lib/sprockets/rails/quiet_assets.rb:13:in `call'
actionpack (6.0.5.1) lib/action_dispatch/middleware/remote_ip.rb:81:in `call'
actionpack (6.0.5.1) lib/action_dispatch/middleware/request_id.rb:27:in `call'
rack (2.2.4) lib/rack/method_override.rb:24:in `call'
rack (2.2.4) lib/rack/runtime.rb:22:in `call'
activesupport (6.0.5.1) lib/active_support/cache/strategy/local_cache_middleware.rb:29:in `call'
actionpack (6.0.5.1) lib/action_dispatch/middleware/executor.rb:14:in `call'
actionpack (6.0.5.1) lib/action_dispatch/middleware/static.rb:126:in `call'
rack (2.2.4) lib/rack/sendfile.rb:110:in `call'
actionpack (6.0.5.1) lib/action_dispatch/middleware/host_authorization.rb:103:in `call'
webpacker (4.3.0) lib/webpacker/dev_server_proxy.rb:23:in `perform_request'
rack-proxy (0.7.2) lib/rack/proxy.rb:67:in `call'
railties (6.0.5.1) lib/rails/engine.rb:527:in `call'
puma (4.3.12) lib/puma/configuration.rb:228:in `call'
puma (4.3.12) lib/puma/server.rb:727:in `handle_request'
puma (4.3.12) lib/puma/server.rb:476:in `process_client'
puma (4.3.12) lib/puma/server.rb:332:in `block in run'
puma (4.3.12) lib/puma/thread_pool.rb:134:in `block in spawn_thread'
Started PATCH "/contacts/3" for ::1 at 2022-08-05 19:49:44 +0500
  [1m[35m (0.1ms)[0m  [1m[34mSELECT sqlite_version(*)[0m
Processing by ContactsController#update as HTML
  Parameters: {"authenticity_token"=>"UwFf5wl9cu+oLK57R3/nx9UQGbuhv+kCnFDLyUKpHfmHo+gu1BbyNTrrMAzcxfm3MToKLMg2CceiyDHhy9s82g==", "contact"=>{"name"=>"ikram", "address"=>"awan market nadeem chowk", "phone"=>"03120300210", "email"=>"jjasngmail.comj@"}, "commit"=>"Contact added", "id"=>"3"}
  [1m[36mContact Load (0.1ms)[0m  [1m[34mSELECT "contacts".* FROM "contacts" WHERE "contacts"."id" = ? LIMIT ?[0m  [["id", 3], ["LIMIT", 1]]
  ↳ app/controllers/contacts_controller.rb:14:in `update'
Redirected to http://localhost:3000/contacts
Completed 302 Found in 13ms (ActiveRecord: 0.8ms | Allocations: 6463)


Started GET "/contacts" for ::1 at 2022-08-05 19:49:44 +0500
Processing by ContactsController#index as HTML
  Rendering contacts/index.html.erb within layouts/application
  [1m[36mContact Load (0.2ms)[0m  [1m[34mSELECT "contacts".* FROM "contacts"[0m
  ↳ app/views/contacts/index.html.erb:15
  Rendered contacts/index.html.erb within layouts/application (Duration: 4.7ms | Allocations: 1560)
[Webpacker] Everything's up-to-date. Nothing to do
Completed 200 OK in 12ms (Views: 10.8ms | ActiveRecord: 0.2ms | Allocations: 5304)


Started GET "/contacts/3/edit" for ::1 at 2022-08-05 19:49:50 +0500
Processing by ContactsController#edit as HTML
  Parameters: {"id"=>"3"}
  [1m[36mContact Load (0.2ms)[0m  [1m[34mSELECT "contacts".* FROM "contacts" WHERE "contacts"."id" = ? LIMIT ?[0m  [["id", 3], ["LIMIT", 1]]
  ↳ app/controllers/contacts_controller.rb:24:in `edit'
  Rendering contacts/edit.html.erb within layouts/application
  Rendered contacts/_form.html.erb (Duration: 3.7ms | Allocations: 1372)
  Rendered contacts/edit.html.erb within layouts/application (Duration: 4.5ms | Allocations: 1474)
[Webpacker] Everything's up-to-date. Nothing to do
Completed 200 OK in 14ms (Views: 11.3ms | ActiveRecord: 0.2ms | Allocations: 5588)


Started PATCH "/contacts/3" for ::1 at 2022-08-05 19:49:53 +0500
Processing by ContactsController#update as HTML
  Parameters: {"authenticity_token"=>"80hbxnQXddtm9P+faB7jLe/nxTcDKs9EichCDO0+RrEn6uwPqXz1AfQzYejzpP1dC83WoGqjL4G3ULgkZExnkg==", "contact"=>{"name"=>"ikram", "address"=>"awan market nadeem chowk", "phone"=>"03120300210", "email"=>"aasdad"}, "commit"=>"Contact added", "id"=>"3"}
  [1m[36mContact Load (0.2ms)[0m  [1m[34mSELECT "contacts".* FROM "contacts" WHERE "contacts"."id" = ? LIMIT ?[0m  [["id", 3], ["LIMIT", 1]]
  ↳ app/controllers/contacts_controller.rb:14:in `update'
Redirected to http://localhost:3000/contacts
Completed 302 Found in 4ms (ActiveRecord: 0.2ms | Allocations: 989)


Started GET "/contacts" for ::1 at 2022-08-05 19:49:54 +0500
Processing by ContactsController#index as HTML
  Rendering contacts/index.html.erb within layouts/application
  [1m[36mContact Load (0.2ms)[0m  [1m[34mSELECT "contacts".* FROM "contacts"[0m
  ↳ app/views/contacts/index.html.erb:15
  Rendered contacts/index.html.erb within layouts/application (Duration: 2.7ms | Allocations: 1503)
[Webpacker] Everything's up-to-date. Nothing to do
Completed 200 OK in 8ms (Views: 7.0ms | ActiveRecord: 0.2ms | Allocations: 5076)


Started GET "/contacts" for ::1 at 2022-08-05 19:49:58 +0500
Processing by ContactsController#index as HTML
  Rendering contacts/index.html.erb within layouts/application
  [1m[36mContact Load (0.1ms)[0m  [1m[34mSELECT "contacts".* FROM "contacts"[0m
  ↳ app/views/contacts/index.html.erb:15
  Rendered contacts/index.html.erb within layouts/application (Duration: 2.2ms | Allocations: 1502)
[Webpacker] Everything's up-to-date. Nothing to do
Completed 200 OK in 10ms (Views: 8.9ms | ActiveRecord: 0.1ms | Allocations: 5061)


Started GET "/contacts/3/edit" for ::1 at 2022-08-05 19:50:21 +0500
  [1m[35m (0.1ms)[0m  [1m[34mSELECT sqlite_version(*)[0m
Processing by ContactsController#edit as HTML
  Parameters: {"id"=>"3"}
  [1m[36mContact Load (0.1ms)[0m  [1m[34mSELECT "contacts".* FROM "contacts" WHERE "contacts"."id" = ? LIMIT ?[0m  [["id", 3], ["LIMIT", 1]]
  ↳ app/controllers/contacts_controller.rb:25:in `edit'
  Rendering contacts/edit.html.erb within layouts/application
  Rendered contacts/_form.html.erb (Duration: 1.7ms | Allocations: 1367)
  Rendered contacts/edit.html.erb within layouts/application (Duration: 2.0ms | Allocations: 1470)
[Webpacker] Everything's up-to-date. Nothing to do
Completed 200 OK in 15ms (Views: 6.1ms | ActiveRecord: 0.7ms | Allocations: 10988)


Started PATCH "/contacts/3" for ::1 at 2022-08-05 19:50:27 +0500
Processing by ContactsController#update as HTML
  Parameters: {"authenticity_token"=>"kXP0q3wGUrXCW7RUhoSIZJh0vnUvgLoqLg+krhbPpQNF0UNioW3Sb1CcKiMdPpYUfF6t4kYJWu8Ql16Gn72EIA==", "contact"=>{"name"=>"ikram", "address"=>"awan market nadeem chowk", "phone"=>"03120300210", "email"=>"sasasaa"}, "commit"=>"Contact added", "id"=>"3"}
  [1m[36mContact Load (0.3ms)[0m  [1m[34mSELECT "contacts".* FROM "contacts" WHERE "contacts"."id" = ? LIMIT ?[0m  [["id", 3], ["LIMIT", 1]]
  ↳ app/controllers/contacts_controller.rb:14:in `update'
Redirected to http://localhost:3000/contacts
Completed 302 Found in 5ms (ActiveRecord: 0.3ms | Allocations: 1232)


Started GET "/contacts" for ::1 at 2022-08-05 19:50:27 +0500
Processing by ContactsController#index as HTML
  Rendering contacts/index.html.erb within layouts/application
  [1m[36mContact Load (0.3ms)[0m  [1m[34mSELECT "contacts".* FROM "contacts"[0m
  ↳ app/views/contacts/index.html.erb:15
  Rendered contacts/index.html.erb within layouts/application (Duration: 2.9ms | Allocations: 1550)
[Webpacker] Everything's up-to-date. Nothing to do
Completed 200 OK in 8ms (Views: 6.8ms | ActiveRecord: 0.3ms | Allocations: 5112)


Started GET "/contacts/3/edit" for ::1 at 2022-08-05 19:51:57 +0500
Processing by ContactsController#edit as HTML
  Parameters: {"id"=>"3"}
  [1m[36mContact Load (0.2ms)[0m  [1m[34mSELECT "contacts".* FROM "contacts" WHERE "contacts"."id" = ? LIMIT ?[0m  [["id", 3], ["LIMIT", 1]]
  ↳ app/controllers/contacts_controller.rb:25:in `edit'
  Rendering contacts/edit.html.erb within layouts/application
  Rendered contacts/_form.html.erb (Duration: 3.4ms | Allocations: 1544)
  Rendered contacts/edit.html.erb within layouts/application (Duration: 4.7ms | Allocations: 1904)
[Webpacker] Everything's up-to-date. Nothing to do
Completed 200 OK in 16ms (Views: 13.6ms | ActiveRecord: 0.2ms | Allocations: 6926)


Started PATCH "/contacts/3" for ::1 at 2022-08-05 19:52:05 +0500
Processing by ContactsController#update as HTML
  Parameters: {"authenticity_token"=>"PVPYm92pVc2YZEMEQxyRn0nYF1Vg670pfNbUXNtURIfp8W9SAMLVFwqj3XPYpo/vrfIEwgliXexCTi50UiZlpA==", "contact"=>{"name"=>"ikram", "address"=>"awan market nadeem chowk", "phone"=>"03120300210", "email"=>"asasd"}, "commit"=>"Contact added", "id"=>"3"}
  [1m[36mContact Load (0.1ms)[0m  [1m[34mSELECT "contacts".* FROM "contacts" WHERE "contacts"."id" = ? LIMIT ?[0m  [["id", 3], ["LIMIT", 1]]
  ↳ app/controllers/contacts_controller.rb:14:in `update'
Redirected to http://localhost:3000/contacts
Completed 302 Found in 3ms (ActiveRecord: 0.1ms | Allocations: 1128)


Started GET "/contacts" for ::1 at 2022-08-05 19:52:05 +0500
Processing by ContactsController#index as HTML
  Rendering contacts/index.html.erb within layouts/application
  [1m[36mContact Load (0.2ms)[0m  [1m[34mSELECT "contacts".* FROM "contacts"[0m
  ↳ app/views/contacts/index.html.erb:15
  Rendered contacts/index.html.erb within layouts/application (Duration: 4.2ms | Allocations: 1782)
[Webpacker] Everything's up-to-date. Nothing to do
Completed 200 OK in 26ms (Views: 24.5ms | ActiveRecord: 0.2ms | Allocations: 5487)


Started GET "/contacts/new" for ::1 at 2022-08-05 19:52:08 +0500
Processing by ContactsController#new as HTML
  Rendering contacts/new.html.erb within layouts/application
  Rendered contacts/_form.html.erb (Duration: 3.2ms | Allocations: 1460)
  Rendered contacts/new.html.erb within layouts/application (Duration: 4.3ms | Allocations: 1787)
[Webpacker] Everything's up-to-date. Nothing to do
Completed 200 OK in 20ms (Views: 18.9ms | ActiveRecord: 0.0ms | Allocations: 5503)


Started POST "/contacts" for ::1 at 2022-08-05 19:53:04 +0500
Processing by ContactsController#create as HTML
  Parameters: {"authenticity_token"=>"5gBE0nDB5oRHzUSkyCRsC+/Jviy0lUWL/MdM/j35X4GI2aApz37DpyL0aflqO795lgvHvHo7BKpghR2Sw7npAg==", "contact"=>{"name"=>"Mudassser", "address"=>"Awan market nadeem chowk ferozpur road lahore", "phone"=>"0021-2-123123", "email"=>"2i20o102@2dkhotmal.com"}, "commit"=>"Contact added"}
  [1m[35m (0.1ms)[0m  [1m[36mbegin transaction[0m
  ↳ app/controllers/contacts_controller.rb:10:in `create'
  [1m[36mContact Create (5.4ms)[0m  [1m[32mINSERT INTO "contacts" ("name", "address", "phone", "email", "created_at", "updated_at") VALUES (?, ?, ?, ?, ?, ?)[0m  [["name", "Mudassser"], ["address", "Awan market nadeem chowk ferozpur road lahore"], ["phone", "0021-2-123123"], ["email", "2i20o102@2dkhotmal.com"], ["created_at", "2022-08-05 14:53:04.260215"], ["updated_at", "2022-08-05 14:53:04.260215"]]
  ↳ app/controllers/contacts_controller.rb:10:in `create'
  [1m[35m (10.5ms)[0m  [1m[36mcommit transaction[0m
  ↳ app/controllers/contacts_controller.rb:10:in `create'
Redirected to http://localhost:3000/contacts
Completed 302 Found in 28ms (ActiveRecord: 16.0ms | Allocations: 5164)


Started GET "/contacts" for ::1 at 2022-08-05 19:53:04 +0500
Processing by ContactsController#index as HTML
  Rendering contacts/index.html.erb within layouts/application
  [1m[36mContact Load (0.2ms)[0m  [1m[34mSELECT "contacts".* FROM "contacts"[0m
  ↳ app/views/contacts/index.html.erb:15
  Rendered contacts/index.html.erb within layouts/application (Duration: 2.7ms | Allocations: 1674)
[Webpacker] Everything's up-to-date. Nothing to do
Completed 200 OK in 8ms (Views: 6.7ms | ActiveRecord: 0.2ms | Allocations: 5241)


Started GET "/contacts/2/edit" for ::1 at 2022-08-05 19:53:19 +0500
Processing by ContactsController#edit as HTML
  Parameters: {"id"=>"2"}
  [1m[36mContact Load (0.2ms)[0m  [1m[34mSELECT "contacts".* FROM "contacts" WHERE "contacts"."id" = ? LIMIT ?[0m  [["id", 2], ["LIMIT", 1]]
  ↳ app/controllers/contacts_controller.rb:25:in `edit'
  Rendering contacts/edit.html.erb within layouts/application
  Rendered contacts/_form.html.erb (Duration: 2.6ms | Allocations: 1310)
  Rendered contacts/edit.html.erb within layouts/application (Duration: 3.1ms | Allocations: 1412)
[Webpacker] Everything's up-to-date. Nothing to do
Completed 200 OK in 13ms (Views: 10.6ms | ActiveRecord: 0.2ms | Allocations: 5535)


Started PATCH "/contacts/2" for ::1 at 2022-08-05 19:53:25 +0500
Processing by ContactsController#update as HTML
  Parameters: {"authenticity_token"=>"6INq7PxXebqSg6JSz/ZixNmAuyM8HJvaGXYZO4NI++Dh2zro7aVLtrqtRHatVQrYlV3LqFdWt5xxbYXbsF6arA==", "contact"=>{"name"=>"Farhan", "address"=>"Makkah colony", "phone"=>"0312020320", "email"=>"whou@gmail.com"}, "commit"=>"Contact added", "id"=>"2"}
  [1m[36mContact Load (0.2ms)[0m  [1m[34mSELECT "contacts".* FROM "contacts" WHERE "contacts"."id" = ? LIMIT ?[0m  [["id", 2], ["LIMIT", 1]]
  ↳ app/controllers/contacts_controller.rb:14:in `update'
Redirected to http://localhost:3000/contacts
Completed 302 Found in 4ms (ActiveRecord: 0.2ms | Allocations: 1121)


Started GET "/contacts" for ::1 at 2022-08-05 19:53:25 +0500
Processing by ContactsController#index as HTML
  Rendering contacts/index.html.erb within layouts/application
  [1m[36mContact Load (0.2ms)[0m  [1m[34mSELECT "contacts".* FROM "contacts"[0m
  ↳ app/views/contacts/index.html.erb:15
  Rendered contacts/index.html.erb within layouts/application (Duration: 2.4ms | Allocations: 1672)
[Webpacker] Everything's up-to-date. Nothing to do
Completed 200 OK in 8ms (Views: 7.4ms | ActiveRecord: 0.2ms | Allocations: 5232)


Started GET "/contacts" for ::1 at 2022-08-05 19:53:28 +0500
Processing by ContactsController#index as HTML
  Rendering contacts/index.html.erb within layouts/application
  [1m[36mContact Load (0.2ms)[0m  [1m[34mSELECT "contacts".* FROM "contacts"[0m
  ↳ app/views/contacts/index.html.erb:15
  Rendered contacts/index.html.erb within layouts/application (Duration: 3.6ms | Allocations: 1670)
[Webpacker] Everything's up-to-date. Nothing to do
Completed 200 OK in 9ms (Views: 8.5ms | ActiveRecord: 0.2ms | Allocations: 5232)


Started GET "/contacts/3/edit" for ::1 at 2022-08-05 19:56:56 +0500
  [1m[35m (0.1ms)[0m  [1m[34mSELECT sqlite_version(*)[0m
Processing by ContactsController#edit as HTML
  Parameters: {"id"=>"3"}
  [1m[36mContact Load (0.2ms)[0m  [1m[34mSELECT "contacts".* FROM "contacts" WHERE "contacts"."id" = ? LIMIT ?[0m  [["id", 3], ["LIMIT", 1]]
  ↳ app/controllers/contacts_controller.rb:25:in `edit'
  Rendering contacts/edit.html.erb within layouts/application
  Rendered contacts/_form.html.erb (Duration: 2.2ms | Allocations: 1603)
  Rendered contacts/edit.html.erb within layouts/application (Duration: 2.9ms | Allocations: 1957)
[Webpacker] Everything's up-to-date. Nothing to do
Completed 200 OK in 19ms (Views: 7.9ms | ActiveRecord: 0.9ms | Allocations: 12276)


Started PATCH "/contacts/3" for ::1 at 2022-08-05 19:57:00 +0500
Processing by ContactsController#update as HTML
  Parameters: {"authenticity_token"=>"z5CgtLB4W+ePQ3888YG/H6oTvV6mADGppT+gZwuBbyAbMhd9bRPbPR2E4UtqO6FvTjmuyc+J0Wybp1pPgvNOAw==", "contact"=>{"name"=>"ikram", "address"=>"awan market nadeem chowk", "phone"=>"03120300210", "email"=>"sasada"}, "commit"=>"Contact added", "id"=>"3"}
  [1m[36mContact Load (0.2ms)[0m  [1m[34mSELECT "contacts".* FROM "contacts" WHERE "contacts"."id" = ? LIMIT ?[0m  [["id", 3], ["LIMIT", 1]]
  ↳ app/controllers/contacts_controller.rb:14:in `update'
  [1m[35m (0.1ms)[0m  [1m[36mbegin transaction[0m
  ↳ app/controllers/contacts_controller.rb:15:in `update'
  [1m[36mContact Update (0.4ms)[0m  [1m[33mUPDATE "contacts" SET "email" = ?, "updated_at" = ? WHERE "contacts"."id" = ?[0m  [["email", "sasada"], ["updated_at", "2022-08-05 14:57:00.968478"], ["id", 3]]
  ↳ app/controllers/contacts_controller.rb:15:in `update'
  [1m[35m (7.5ms)[0m  [1m[36mcommit transaction[0m
  ↳ app/controllers/contacts_controller.rb:15:in `update'
Redirected to http://localhost:3000/contacts
Completed 302 Found in 20ms (ActiveRecord: 8.2ms | Allocations: 5738)


Started GET "/contacts" for ::1 at 2022-08-05 19:57:00 +0500
Processing by ContactsController#index as HTML
  Rendering contacts/index.html.erb within layouts/application
  [1m[36mContact Load (0.7ms)[0m  [1m[34mSELECT "contacts".* FROM "contacts"[0m
  ↳ app/views/contacts/index.html.erb:15
  Rendered contacts/index.html.erb within layouts/application (Duration: 5.5ms | Allocations: 1994)
[Webpacker] Everything's up-to-date. Nothing to do
Completed 200 OK in 12ms (Views: 10.5ms | ActiveRecord: 0.7ms | Allocations: 5698)


Started DELETE "/contacts" for ::1 at 2022-08-05 19:58:42 +0500
  [1m[35m (0.1ms)[0m  [1m[34mSELECT sqlite_version(*)[0m
  
ActionController::RoutingError (No route matches [DELETE] "/contacts"):
  
actionpack (6.0.5.1) lib/action_dispatch/middleware/debug_exceptions.rb:36:in `call'
web-console (4.2.0) lib/web_console/middleware.rb:132:in `call_app'
web-console (4.2.0) lib/web_console/middleware.rb:28:in `block in call'
web-console (4.2.0) lib/web_console/middleware.rb:17:in `catch'
web-console (4.2.0) lib/web_console/middleware.rb:17:in `call'
actionpack (6.0.5.1) lib/action_dispatch/middleware/show_exceptions.rb:33:in `call'
railties (6.0.5.1) lib/rails/rack/logger.rb:37:in `call_app'
railties (6.0.5.1) lib/rails/rack/logger.rb:26:in `block in call'
activesupport (6.0.5.1) lib/active_support/tagged_logging.rb:80:in `block in tagged'
activesupport (6.0.5.1) lib/active_support/tagged_logging.rb:28:in `tagged'
activesupport (6.0.5.1) lib/active_support/tagged_logging.rb:80:in `tagged'
railties (6.0.5.1) lib/rails/rack/logger.rb:26:in `call'
sprockets-rails (3.4.2) lib/sprockets/rails/quiet_assets.rb:13:in `call'
actionpack (6.0.5.1) lib/action_dispatch/middleware/remote_ip.rb:81:in `call'
actionpack (6.0.5.1) lib/action_dispatch/middleware/request_id.rb:27:in `call'
rack (2.2.4) lib/rack/method_override.rb:24:in `call'
rack (2.2.4) lib/rack/runtime.rb:22:in `call'
activesupport (6.0.5.1) lib/active_support/cache/strategy/local_cache_middleware.rb:29:in `call'
actionpack (6.0.5.1) lib/action_dispatch/middleware/executor.rb:14:in `call'
actionpack (6.0.5.1) lib/action_dispatch/middleware/static.rb:126:in `call'
rack (2.2.4) lib/rack/sendfile.rb:110:in `call'
actionpack (6.0.5.1) lib/action_dispatch/middleware/host_authorization.rb:103:in `call'
webpacker (4.3.0) lib/webpacker/dev_server_proxy.rb:23:in `perform_request'
rack-proxy (0.7.2) lib/rack/proxy.rb:67:in `call'
railties (6.0.5.1) lib/rails/engine.rb:527:in `call'
puma (4.3.12) lib/puma/configuration.rb:228:in `call'
puma (4.3.12) lib/puma/server.rb:727:in `handle_request'
puma (4.3.12) lib/puma/server.rb:476:in `process_client'
puma (4.3.12) lib/puma/server.rb:332:in `block in run'
puma (4.3.12) lib/puma/thread_pool.rb:134:in `block in spawn_thread'
Started DELETE "/contacts" for ::1 at 2022-08-05 19:59:28 +0500
  [1m[35m (0.1ms)[0m  [1m[34mSELECT sqlite_version(*)[0m
  
ActionController::RoutingError (No route matches [DELETE] "/contacts"):
  
actionpack (6.0.5.1) lib/action_dispatch/middleware/debug_exceptions.rb:36:in `call'
web-console (4.2.0) lib/web_console/middleware.rb:132:in `call_app'
web-console (4.2.0) lib/web_console/middleware.rb:28:in `block in call'
web-console (4.2.0) lib/web_console/middleware.rb:17:in `catch'
web-console (4.2.0) lib/web_console/middleware.rb:17:in `call'
actionpack (6.0.5.1) lib/action_dispatch/middleware/show_exceptions.rb:33:in `call'
railties (6.0.5.1) lib/rails/rack/logger.rb:37:in `call_app'
railties (6.0.5.1) lib/rails/rack/logger.rb:26:in `block in call'
activesupport (6.0.5.1) lib/active_support/tagged_logging.rb:80:in `block in tagged'
activesupport (6.0.5.1) lib/active_support/tagged_logging.rb:28:in `tagged'
activesupport (6.0.5.1) lib/active_support/tagged_logging.rb:80:in `tagged'
railties (6.0.5.1) lib/rails/rack/logger.rb:26:in `call'
sprockets-rails (3.4.2) lib/sprockets/rails/quiet_assets.rb:13:in `call'
actionpack (6.0.5.1) lib/action_dispatch/middleware/remote_ip.rb:81:in `call'
actionpack (6.0.5.1) lib/action_dispatch/middleware/request_id.rb:27:in `call'
rack (2.2.4) lib/rack/method_override.rb:24:in `call'
rack (2.2.4) lib/rack/runtime.rb:22:in `call'
activesupport (6.0.5.1) lib/active_support/cache/strategy/local_cache_middleware.rb:29:in `call'
actionpack (6.0.5.1) lib/action_dispatch/middleware/executor.rb:14:in `call'
actionpack (6.0.5.1) lib/action_dispatch/middleware/static.rb:126:in `call'
rack (2.2.4) lib/rack/sendfile.rb:110:in `call'
actionpack (6.0.5.1) lib/action_dispatch/middleware/host_authorization.rb:103:in `call'
webpacker (4.3.0) lib/webpacker/dev_server_proxy.rb:23:in `perform_request'
rack-proxy (0.7.2) lib/rack/proxy.rb:67:in `call'
railties (6.0.5.1) lib/rails/engine.rb:527:in `call'
puma (4.3.12) lib/puma/configuration.rb:228:in `call'
puma (4.3.12) lib/puma/server.rb:727:in `handle_request'
puma (4.3.12) lib/puma/server.rb:476:in `process_client'
puma (4.3.12) lib/puma/server.rb:332:in `block in run'
puma (4.3.12) lib/puma/thread_pool.rb:134:in `block in spawn_thread'
Started DELETE "/contacts" for ::1 at 2022-08-05 20:00:10 +0500
  
ActionController::RoutingError (No route matches [DELETE] "/contacts"):
  
actionpack (6.0.5.1) lib/action_dispatch/middleware/debug_exceptions.rb:36:in `call'
web-console (4.2.0) lib/web_console/middleware.rb:132:in `call_app'
web-console (4.2.0) lib/web_console/middleware.rb:28:in `block in call'
web-console (4.2.0) lib/web_console/middleware.rb:17:in `catch'
web-console (4.2.0) lib/web_console/middleware.rb:17:in `call'
actionpack (6.0.5.1) lib/action_dispatch/middleware/show_exceptions.rb:33:in `call'
railties (6.0.5.1) lib/rails/rack/logger.rb:37:in `call_app'
railties (6.0.5.1) lib/rails/rack/logger.rb:26:in `block in call'
activesupport (6.0.5.1) lib/active_support/tagged_logging.rb:80:in `block in tagged'
activesupport (6.0.5.1) lib/active_support/tagged_logging.rb:28:in `tagged'
activesupport (6.0.5.1) lib/active_support/tagged_logging.rb:80:in `tagged'
railties (6.0.5.1) lib/rails/rack/logger.rb:26:in `call'
sprockets-rails (3.4.2) lib/sprockets/rails/quiet_assets.rb:13:in `call'
actionpack (6.0.5.1) lib/action_dispatch/middleware/remote_ip.rb:81:in `call'
actionpack (6.0.5.1) lib/action_dispatch/middleware/request_id.rb:27:in `call'
rack (2.2.4) lib/rack/method_override.rb:24:in `call'
rack (2.2.4) lib/rack/runtime.rb:22:in `call'
activesupport (6.0.5.1) lib/active_support/cache/strategy/local_cache_middleware.rb:29:in `call'
actionpack (6.0.5.1) lib/action_dispatch/middleware/executor.rb:14:in `call'
actionpack (6.0.5.1) lib/action_dispatch/middleware/static.rb:126:in `call'
rack (2.2.4) lib/rack/sendfile.rb:110:in `call'
actionpack (6.0.5.1) lib/action_dispatch/middleware/host_authorization.rb:103:in `call'
webpacker (4.3.0) lib/webpacker/dev_server_proxy.rb:23:in `perform_request'
rack-proxy (0.7.2) lib/rack/proxy.rb:67:in `call'
railties (6.0.5.1) lib/rails/engine.rb:527:in `call'
puma (4.3.12) lib/puma/configuration.rb:228:in `call'
puma (4.3.12) lib/puma/server.rb:727:in `handle_request'
puma (4.3.12) lib/puma/server.rb:476:in `process_client'
puma (4.3.12) lib/puma/server.rb:332:in `block in run'
puma (4.3.12) lib/puma/thread_pool.rb:134:in `block in spawn_thread'
Started DELETE "/contacts" for ::1 at 2022-08-05 20:00:36 +0500
  [1m[35m (0.1ms)[0m  [1m[34mSELECT sqlite_version(*)[0m
  
ActionController::RoutingError (No route matches [DELETE] "/contacts"):
  
actionpack (6.0.5.1) lib/action_dispatch/middleware/debug_exceptions.rb:36:in `call'
web-console (4.2.0) lib/web_console/middleware.rb:132:in `call_app'
web-console (4.2.0) lib/web_console/middleware.rb:28:in `block in call'
web-console (4.2.0) lib/web_console/middleware.rb:17:in `catch'
web-console (4.2.0) lib/web_console/middleware.rb:17:in `call'
actionpack (6.0.5.1) lib/action_dispatch/middleware/show_exceptions.rb:33:in `call'
railties (6.0.5.1) lib/rails/rack/logger.rb:37:in `call_app'
railties (6.0.5.1) lib/rails/rack/logger.rb:26:in `block in call'
activesupport (6.0.5.1) lib/active_support/tagged_logging.rb:80:in `block in tagged'
activesupport (6.0.5.1) lib/active_support/tagged_logging.rb:28:in `tagged'
activesupport (6.0.5.1) lib/active_support/tagged_logging.rb:80:in `tagged'
railties (6.0.5.1) lib/rails/rack/logger.rb:26:in `call'
sprockets-rails (3.4.2) lib/sprockets/rails/quiet_assets.rb:13:in `call'
actionpack (6.0.5.1) lib/action_dispatch/middleware/remote_ip.rb:81:in `call'
actionpack (6.0.5.1) lib/action_dispatch/middleware/request_id.rb:27:in `call'
rack (2.2.4) lib/rack/method_override.rb:24:in `call'
rack (2.2.4) lib/rack/runtime.rb:22:in `call'
activesupport (6.0.5.1) lib/active_support/cache/strategy/local_cache_middleware.rb:29:in `call'
actionpack (6.0.5.1) lib/action_dispatch/middleware/executor.rb:14:in `call'
actionpack (6.0.5.1) lib/action_dispatch/middleware/static.rb:126:in `call'
rack (2.2.4) lib/rack/sendfile.rb:110:in `call'
actionpack (6.0.5.1) lib/action_dispatch/middleware/host_authorization.rb:103:in `call'
webpacker (4.3.0) lib/webpacker/dev_server_proxy.rb:23:in `perform_request'
rack-proxy (0.7.2) lib/rack/proxy.rb:67:in `call'
railties (6.0.5.1) lib/rails/engine.rb:527:in `call'
puma (4.3.12) lib/puma/configuration.rb:228:in `call'
puma (4.3.12) lib/puma/server.rb:727:in `handle_request'
puma (4.3.12) lib/puma/server.rb:476:in `process_client'
puma (4.3.12) lib/puma/server.rb:332:in `block in run'
puma (4.3.12) lib/puma/thread_pool.rb:134:in `block in spawn_thread'
Started DELETE "/contacts" for ::1 at 2022-08-05 20:00:48 +0500
  
ActionController::RoutingError (No route matches [DELETE] "/contacts"):
  
actionpack (6.0.5.1) lib/action_dispatch/middleware/debug_exceptions.rb:36:in `call'
web-console (4.2.0) lib/web_console/middleware.rb:132:in `call_app'
web-console (4.2.0) lib/web_console/middleware.rb:28:in `block in call'
web-console (4.2.0) lib/web_console/middleware.rb:17:in `catch'
web-console (4.2.0) lib/web_console/middleware.rb:17:in `call'
actionpack (6.0.5.1) lib/action_dispatch/middleware/show_exceptions.rb:33:in `call'
railties (6.0.5.1) lib/rails/rack/logger.rb:37:in `call_app'
railties (6.0.5.1) lib/rails/rack/logger.rb:26:in `block in call'
activesupport (6.0.5.1) lib/active_support/tagged_logging.rb:80:in `block in tagged'
activesupport (6.0.5.1) lib/active_support/tagged_logging.rb:28:in `tagged'
activesupport (6.0.5.1) lib/active_support/tagged_logging.rb:80:in `tagged'
railties (6.0.5.1) lib/rails/rack/logger.rb:26:in `call'
sprockets-rails (3.4.2) lib/sprockets/rails/quiet_assets.rb:13:in `call'
actionpack (6.0.5.1) lib/action_dispatch/middleware/remote_ip.rb:81:in `call'
actionpack (6.0.5.1) lib/action_dispatch/middleware/request_id.rb:27:in `call'
rack (2.2.4) lib/rack/method_override.rb:24:in `call'
rack (2.2.4) lib/rack/runtime.rb:22:in `call'
activesupport (6.0.5.1) lib/active_support/cache/strategy/local_cache_middleware.rb:29:in `call'
actionpack (6.0.5.1) lib/action_dispatch/middleware/executor.rb:14:in `call'
actionpack (6.0.5.1) lib/action_dispatch/middleware/static.rb:126:in `call'
rack (2.2.4) lib/rack/sendfile.rb:110:in `call'
actionpack (6.0.5.1) lib/action_dispatch/middleware/host_authorization.rb:103:in `call'
webpacker (4.3.0) lib/webpacker/dev_server_proxy.rb:23:in `perform_request'
rack-proxy (0.7.2) lib/rack/proxy.rb:67:in `call'
railties (6.0.5.1) lib/rails/engine.rb:527:in `call'
puma (4.3.12) lib/puma/configuration.rb:228:in `call'
puma (4.3.12) lib/puma/server.rb:727:in `handle_request'
puma (4.3.12) lib/puma/server.rb:476:in `process_client'
puma (4.3.12) lib/puma/server.rb:332:in `block in run'
puma (4.3.12) lib/puma/thread_pool.rb:134:in `block in spawn_thread'
Started GET "/contacts/1" for ::1 at 2022-08-05 20:01:06 +0500
  [1m[35m (0.2ms)[0m  [1m[34mSELECT sqlite_version(*)[0m
Processing by ContactsController#show as HTML
  Parameters: {"id"=>"1"}
  [1m[36mContact Load (0.3ms)[0m  [1m[34mSELECT "contacts".* FROM "contacts" WHERE "contacts"."id" = ? LIMIT ?[0m  [["id", 1], ["LIMIT", 1]]
  ↳ app/controllers/contacts_controller.rb:24:in `show'
  Rendering contacts/show.html.erb within layouts/application
  Rendered contacts/show.html.erb within layouts/application (Duration: 0.5ms | Allocations: 268)
[Webpacker] Everything's up-to-date. Nothing to do
Completed 200 OK in 18ms (Views: 5.4ms | ActiveRecord: 1.4ms | Allocations: 10152)


Started GET "/contacts" for ::1 at 2022-08-05 20:01:08 +0500
Processing by ContactsController#index as HTML
  Rendering contacts/index.html.erb within layouts/application
  [1m[36mContact Load (0.2ms)[0m  [1m[34mSELECT "contacts".* FROM "contacts"[0m
  ↳ app/views/contacts/index.html.erb:15
  Rendered contacts/index.html.erb within layouts/application (Duration: 4.0ms | Allocations: 1720)
[Webpacker] Everything's up-to-date. Nothing to do
Completed 200 OK in 12ms (Views: 10.5ms | ActiveRecord: 0.2ms | Allocations: 5283)


Started GET "/contacts/4" for ::1 at 2022-08-05 20:01:11 +0500
Processing by ContactsController#show as HTML
  Parameters: {"id"=>"4"}
  [1m[36mContact Load (0.2ms)[0m  [1m[34mSELECT "contacts".* FROM "contacts" WHERE "contacts"."id" = ? LIMIT ?[0m  [["id", 4], ["LIMIT", 1]]
  ↳ app/controllers/contacts_controller.rb:24:in `show'
  Rendering contacts/show.html.erb within layouts/application
  Rendered contacts/show.html.erb within layouts/application (Duration: 0.3ms | Allocations: 70)
[Webpacker] Everything's up-to-date. Nothing to do
Completed 200 OK in 10ms (Views: 7.7ms | ActiveRecord: 0.2ms | Allocations: 4187)


Started GET "/contacts" for ::1 at 2022-08-05 20:01:13 +0500
Processing by ContactsController#index as HTML
  Rendering contacts/index.html.erb within layouts/application
  [1m[36mContact Load (0.1ms)[0m  [1m[34mSELECT "contacts".* FROM "contacts"[0m
  ↳ app/views/contacts/index.html.erb:15
  Rendered contacts/index.html.erb within layouts/application (Duration: 3.0ms | Allocations: 1673)
[Webpacker] Everything's up-to-date. Nothing to do
Completed 200 OK in 13ms (Views: 12.2ms | ActiveRecord: 0.1ms | Allocations: 5233)


Started GET "/contacts/4/edit" for ::1 at 2022-08-05 20:01:20 +0500
Processing by ContactsController#edit as HTML
  Parameters: {"id"=>"4"}
  [1m[36mContact Load (0.2ms)[0m  [1m[34mSELECT "contacts".* FROM "contacts" WHERE "contacts"."id" = ? LIMIT ?[0m  [["id", 4], ["LIMIT", 1]]
  ↳ app/controllers/contacts_controller.rb:27:in `edit'
  Rendering contacts/edit.html.erb within layouts/application
  Rendered contacts/_form.html.erb (Duration: 2.8ms | Allocations: 1361)
  Rendered contacts/edit.html.erb within layouts/application (Duration: 3.2ms | Allocations: 1463)
[Webpacker] Everything's up-to-date. Nothing to do
Completed 200 OK in 12ms (Views: 9.8ms | ActiveRecord: 0.2ms | Allocations: 5570)


Started PATCH "/contacts/4" for ::1 at 2022-08-05 20:01:56 +0500
Processing by ContactsController#update as HTML
  Parameters: {"authenticity_token"=>"c+1IPltvf0jvWz7lDn1PMoUpH3m98QhmHU2aaZIlNyIHz1kObXZFK8a/wRPCcvNyKTHMbgRiGa8MAlifVQBPGA==", "contact"=>{"name"=>"Yousuf", "address"=>"Abcdefgh igk lmn op", "phone"=>"8912=21221", "email"=>"12ii91022@KA"}, "commit"=>"Contact added", "id"=>"4"}
  [1m[36mContact Load (0.2ms)[0m  [1m[34mSELECT "contacts".* FROM "contacts" WHERE "contacts"."id" = ? LIMIT ?[0m  [["id", 4], ["LIMIT", 1]]
  ↳ app/controllers/contacts_controller.rb:14:in `update'
  [1m[35m (0.2ms)[0m  [1m[36mbegin transaction[0m
  ↳ app/controllers/contacts_controller.rb:15:in `update'
  [1m[36mContact Update (1.8ms)[0m  [1m[33mUPDATE "contacts" SET "name" = ?, "address" = ?, "phone" = ?, "email" = ?, "updated_at" = ? WHERE "contacts"."id" = ?[0m  [["name", "Yousuf"], ["address", "Abcdefgh igk lmn op"], ["phone", "8912=21221"], ["email", "12ii91022@KA"], ["updated_at", "2022-08-05 15:01:56.569674"], ["id", 4]]
  ↳ app/controllers/contacts_controller.rb:15:in `update'
  [1m[35m (10.4ms)[0m  [1m[36mcommit transaction[0m
  ↳ app/controllers/contacts_controller.rb:15:in `update'
Redirected to http://localhost:3000/contacts
Completed 302 Found in 26ms (ActiveRecord: 12.6ms | Allocations: 5752)


Started GET "/contacts" for ::1 at 2022-08-05 20:01:56 +0500
Processing by ContactsController#index as HTML
  Rendering contacts/index.html.erb within layouts/application
  [1m[36mContact Load (0.2ms)[0m  [1m[34mSELECT "contacts".* FROM "contacts"[0m
  ↳ app/views/contacts/index.html.erb:15
  Rendered contacts/index.html.erb within layouts/application (Duration: 2.1ms | Allocations: 1673)
[Webpacker] Everything's up-to-date. Nothing to do
Completed 200 OK in 8ms (Views: 6.8ms | ActiveRecord: 0.2ms | Allocations: 5229)


Started DELETE "/contacts" for ::1 at 2022-08-05 20:06:20 +0500
  [1m[35m (0.1ms)[0m  [1m[34mSELECT sqlite_version(*)[0m
  
ActionController::RoutingError (No route matches [DELETE] "/contacts"):
  
actionpack (6.0.5.1) lib/action_dispatch/middleware/debug_exceptions.rb:36:in `call'
web-console (4.2.0) lib/web_console/middleware.rb:132:in `call_app'
web-console (4.2.0) lib/web_console/middleware.rb:28:in `block in call'
web-console (4.2.0) lib/web_console/middleware.rb:17:in `catch'
web-console (4.2.0) lib/web_console/middleware.rb:17:in `call'
actionpack (6.0.5.1) lib/action_dispatch/middleware/show_exceptions.rb:33:in `call'
railties (6.0.5.1) lib/rails/rack/logger.rb:37:in `call_app'
railties (6.0.5.1) lib/rails/rack/logger.rb:26:in `block in call'
activesupport (6.0.5.1) lib/active_support/tagged_logging.rb:80:in `block in tagged'
activesupport (6.0.5.1) lib/active_support/tagged_logging.rb:28:in `tagged'
activesupport (6.0.5.1) lib/active_support/tagged_logging.rb:80:in `tagged'
railties (6.0.5.1) lib/rails/rack/logger.rb:26:in `call'
sprockets-rails (3.4.2) lib/sprockets/rails/quiet_assets.rb:13:in `call'
actionpack (6.0.5.1) lib/action_dispatch/middleware/remote_ip.rb:81:in `call'
actionpack (6.0.5.1) lib/action_dispatch/middleware/request_id.rb:27:in `call'
rack (2.2.4) lib/rack/method_override.rb:24:in `call'
rack (2.2.4) lib/rack/runtime.rb:22:in `call'
activesupport (6.0.5.1) lib/active_support/cache/strategy/local_cache_middleware.rb:29:in `call'
actionpack (6.0.5.1) lib/action_dispatch/middleware/executor.rb:14:in `call'
actionpack (6.0.5.1) lib/action_dispatch/middleware/static.rb:126:in `call'
rack (2.2.4) lib/rack/sendfile.rb:110:in `call'
actionpack (6.0.5.1) lib/action_dispatch/middleware/host_authorization.rb:103:in `call'
webpacker (4.3.0) lib/webpacker/dev_server_proxy.rb:23:in `perform_request'
rack-proxy (0.7.2) lib/rack/proxy.rb:67:in `call'
railties (6.0.5.1) lib/rails/engine.rb:527:in `call'
puma (4.3.12) lib/puma/configuration.rb:228:in `call'
puma (4.3.12) lib/puma/server.rb:727:in `handle_request'
puma (4.3.12) lib/puma/server.rb:476:in `process_client'
puma (4.3.12) lib/puma/server.rb:332:in `block in run'
puma (4.3.12) lib/puma/thread_pool.rb:134:in `block in spawn_thread'
Started GET "/rails/info/routes" for ::1 at 2022-08-05 20:08:07 +0500
Processing by Rails::InfoController#routes as HTML
  Rendering /home/devntech/.rbenv/versions/2.6.10/lib/ruby/gems/2.6.0/gems/railties-6.0.5.1/lib/rails/templates/rails/info/routes.html.erb within layouts/application
  Rendered collection of /home/devntech/.rbenv/versions/2.6.10/lib/ruby/gems/2.6.0/gems/actionpack-6.0.5.1/lib/action_dispatch/middleware/templates/routes/_route.html.erb [28 times] (Duration: 6.6ms | Allocations: 3289)
  Rendered /home/devntech/.rbenv/versions/2.6.10/lib/ruby/gems/2.6.0/gems/actionpack-6.0.5.1/lib/action_dispatch/middleware/templates/routes/_table.html.erb (Duration: 1.2ms | Allocations: 762)
  Rendered /home/devntech/.rbenv/versions/2.6.10/lib/ruby/gems/2.6.0/gems/railties-6.0.5.1/lib/rails/templates/rails/info/routes.html.erb within layouts/application (Duration: 12.7ms | Allocations: 6642)
Completed 200 OK in 18ms (Views: 16.1ms | ActiveRecord: 0.0ms | Allocations: 8084)


Started GET "/contacts" for ::1 at 2022-08-05 20:11:30 +0500
  [1m[35m (0.1ms)[0m  [1m[34mSELECT sqlite_version(*)[0m
Processing by ContactsController#index as HTML
  Rendering contacts/index.html.erb within layouts/application
  [1m[36mContact Load (0.2ms)[0m  [1m[34mSELECT "contacts".* FROM "contacts"[0m
  ↳ app/views/contacts/index.html.erb:15
  Rendered contacts/index.html.erb within layouts/application (Duration: 23.3ms | Allocations: 6921)
[Webpacker] Everything's up-to-date. Nothing to do
Completed 200 OK in 30ms (Views: 27.6ms | ActiveRecord: 0.7ms | Allocations: 11695)


Started DELETE "/contacts/4" for ::1 at 2022-08-05 20:11:42 +0500
Processing by ContactsController#destroy as HTML
  Parameters: {"authenticity_token"=>"rnPESImh3pDdkrI7krzNdPoSgtpqAHCJb+5zV778V4VWqfBWhsKgSKSS0bVZjZP3oht8kIYp0PaCWaG28L/jfg==", "id"=>"4"}
Started DELETE "/contacts/5" for ::1 at 2022-08-05 20:22:40 +0500
  [1m[36mContact Load (0.7ms)[0m  [1m[34mSELECT "contacts".* FROM "contacts" WHERE "contacts"."id" = ? LIMIT ?[0m  [["id", 4], ["LIMIT", 1]]
  ↳ app/controllers/contacts_controller.rb:25:in `destroy'
  [1m[35m (0.1ms)[0m  [1m[36mbegin transaction[0m
  ↳ app/controllers/contacts_controller.rb:26:in `destroy'
  [1m[36mContact Destroy (0.9ms)[0m  [1m[31mDELETE FROM "contacts" WHERE "contacts"."id" = ?[0m  [["id", 4]]
  [1m[35m (0.2ms)[0m  [1m[34mSELECT sqlite_version(*)[0m
  ↳ app/controllers/contacts_controller.rb:26:in `destroy'
  [1m[35m (8.8ms)[0m  [1m[36mcommit transaction[0m
Processing by ContactsController#destroy as HTML
  ↳ app/controllers/contacts_controller.rb:26:in `destroy'
  Parameters: {"authenticity_token"=>"rnPESImh3pDdkrI7krzNdPoSgtpqAHCJb+5zV778V4VWqfBWhsKgSKSS0bVZjZP3oht8kIYp0PaCWaG28L/jfg==", "id"=>"5"}
Redirected to http://localhost:3000/contacts
  [1m[36mContact Load (0.4ms)[0m  [1m[34mSELECT "contacts".* FROM "contacts" WHERE "contacts"."id" = ? LIMIT ?[0m  [["id", 5], ["LIMIT", 1]]
Completed 302 Found in 749545ms (ActiveRecord: 10.5ms | Allocations: 280722)


  ↳ app/controllers/contacts_controller.rb:25:in `destroy'
  [1m[35m (0.1ms)[0m  [1m[36mbegin transaction[0m
  ↳ app/controllers/contacts_controller.rb:26:in `destroy'
  [1m[36mContact Destroy (0.3ms)[0m  [1m[31mDELETE FROM "contacts" WHERE "contacts"."id" = ?[0m  [["id", 5]]
  ↳ app/controllers/contacts_controller.rb:26:in `destroy'
  [1m[35m (18.0ms)[0m  [1m[36mcommit transaction[0m
  ↳ app/controllers/contacts_controller.rb:26:in `destroy'
Redirected to http://localhost:3000/contacts
Completed 302 Found in 7399ms (ActiveRecord: 18.8ms | Allocations: 8634)


Started GET "/contacts" for ::1 at 2022-08-05 20:24:12 +0500
Processing by ContactsController#index as HTML
  Rendering contacts/index.html.erb within layouts/application
  [1m[36mContact Load (0.2ms)[0m  [1m[34mSELECT "contacts".* FROM "contacts"[0m
  ↳ app/views/contacts/index.html.erb:15
  Rendered contacts/index.html.erb within layouts/application (Duration: 2.7ms | Allocations: 1400)
[Webpacker] Everything's up-to-date. Nothing to do
Completed 200 OK in 8ms (Views: 7.6ms | ActiveRecord: 0.2ms | Allocations: 4961)


Started GET "/contacts" for ::1 at 2022-08-05 20:24:46 +0500
Processing by ContactsController#index as HTML
  Rendering contacts/index.html.erb within layouts/application
  [1m[36mContact Load (0.2ms)[0m  [1m[34mSELECT "contacts".* FROM "contacts"[0m
  ↳ app/views/contacts/index.html.erb:15
  Rendered contacts/index.html.erb within layouts/application (Duration: 2.6ms | Allocations: 1351)
[Webpacker] Everything's up-to-date. Nothing to do
Completed 200 OK in 8ms (Views: 6.6ms | ActiveRecord: 0.2ms | Allocations: 4907)


Started GET "/contacts/1" for ::1 at 2022-08-05 20:25:31 +0500
  [1m[35m (0.2ms)[0m  [1m[34mSELECT sqlite_version(*)[0m
Processing by ContactsController#show as HTML
  Parameters: {"id"=>"1"}
  [1m[36mContact Load (0.2ms)[0m  [1m[34mSELECT "contacts".* FROM "contacts" WHERE "contacts"."id" = ? LIMIT ?[0m  [["id", 1], ["LIMIT", 1]]
  ↳ app/controllers/contacts_controller.rb:30:in `show'
  Rendering contacts/show.html.erb within layouts/application
  Rendered contacts/show.html.erb within layouts/application (Duration: 0.6ms | Allocations: 270)
[Webpacker] Everything's up-to-date. Nothing to do
Completed 200 OK in 18ms (Views: 8.0ms | ActiveRecord: 0.7ms | Allocations: 9985)


Started GET "/contacts" for ::1 at 2022-08-05 20:25:41 +0500
Processing by ContactsController#index as HTML
  Rendering contacts/index.html.erb within layouts/application
  [1m[36mContact Load (0.2ms)[0m  [1m[34mSELECT "contacts".* FROM "contacts"[0m
  ↳ app/views/contacts/index.html.erb:15
  Rendered contacts/index.html.erb within layouts/application (Duration: 2.9ms | Allocations: 1398)
[Webpacker] Everything's up-to-date. Nothing to do
Completed 200 OK in 12ms (Views: 10.7ms | ActiveRecord: 0.2ms | Allocations: 4959)


Started GET "/contacts/3" for ::1 at 2022-08-05 20:25:44 +0500
Processing by ContactsController#show as HTML
  Parameters: {"id"=>"3"}
  [1m[36mContact Load (0.2ms)[0m  [1m[34mSELECT "contacts".* FROM "contacts" WHERE "contacts"."id" = ? LIMIT ?[0m  [["id", 3], ["LIMIT", 1]]
  ↳ app/controllers/contacts_controller.rb:30:in `show'
  Rendering contacts/show.html.erb within layouts/application
  Rendered contacts/show.html.erb within layouts/application (Duration: 0.8ms | Allocations: 71)
[Webpacker] Everything's up-to-date. Nothing to do
Completed 200 OK in 11ms (Views: 8.1ms | ActiveRecord: 0.2ms | Allocations: 4196)


Started GET "/contacts" for ::1 at 2022-08-05 20:25:45 +0500
Processing by ContactsController#index as HTML
  Rendering contacts/index.html.erb within layouts/application
  [1m[36mContact Load (0.2ms)[0m  [1m[34mSELECT "contacts".* FROM "contacts"[0m
  ↳ app/views/contacts/index.html.erb:15
  Rendered contacts/index.html.erb within layouts/application (Duration: 3.1ms | Allocations: 1351)
[Webpacker] Everything's up-to-date. Nothing to do
Completed 200 OK in 10ms (Views: 9.3ms | ActiveRecord: 0.2ms | Allocations: 4911)


Started GET "/contacts/2/edit" for ::1 at 2022-08-05 20:25:48 +0500
Processing by ContactsController#edit as HTML
  Parameters: {"id"=>"2"}
  [1m[36mContact Load (0.1ms)[0m  [1m[34mSELECT "contacts".* FROM "contacts" WHERE "contacts"."id" = ? LIMIT ?[0m  [["id", 2], ["LIMIT", 1]]
  ↳ app/controllers/contacts_controller.rb:34:in `edit'
  Rendering contacts/edit.html.erb within layouts/application
  Rendered contacts/_form.html.erb (Duration: 4.8ms | Allocations: 1609)
  Rendered contacts/edit.html.erb within layouts/application (Duration: 5.8ms | Allocations: 1964)
[Webpacker] Everything's up-to-date. Nothing to do
Completed 200 OK in 14ms (Views: 12.1ms | ActiveRecord: 0.1ms | Allocations: 6214)


Started PATCH "/contacts/2" for ::1 at 2022-08-05 20:26:01 +0500
Processing by ContactsController#update as HTML
  Parameters: {"authenticity_token"=>"w/qZ21iDcFEEMg6vp+SpZ+h4FDU4hFPvsEOpBNnlL4zKosnfSXFCXSwc6IvFR8F7pKVkvlPOf6nYWDXk6vNOwA==", "contact"=>{"name"=>"Alana Peterson", "address"=>"In fugit molestias ", "phone"=>"+1 (342) 772-8503", "email"=>"rokylig@mailinator.com"}, "commit"=>"Contact added", "id"=>"2"}
  [1m[36mContact Load (0.3ms)[0m  [1m[34mSELECT "contacts".* FROM "contacts" WHERE "contacts"."id" = ? LIMIT ?[0m  [["id", 2], ["LIMIT", 1]]
  ↳ app/controllers/contacts_controller.rb:18:in `update'
  [1m[35m (0.1ms)[0m  [1m[36mbegin transaction[0m
  ↳ app/controllers/contacts_controller.rb:19:in `update'
  [1m[36mContact Update (0.5ms)[0m  [1m[33mUPDATE "contacts" SET "name" = ?, "address" = ?, "phone" = ?, "email" = ?, "updated_at" = ? WHERE "contacts"."id" = ?[0m  [["name", "Alana Peterson"], ["address", "In fugit molestias "], ["phone", "+1 (342) 772-8503"], ["email", "rokylig@mailinator.com"], ["updated_at", "2022-08-05 15:26:01.432505"], ["id", 2]]
  ↳ app/controllers/contacts_controller.rb:19:in `update'
  [1m[35m (14.1ms)[0m  [1m[36mcommit transaction[0m
  ↳ app/controllers/contacts_controller.rb:19:in `update'
Redirected to http://localhost:3000/contacts
Completed 302 Found in 28ms (ActiveRecord: 15.0ms | Allocations: 5749)


Started GET "/contacts" for ::1 at 2022-08-05 20:26:01 +0500
Processing by ContactsController#index as HTML
  Rendering contacts/index.html.erb within layouts/application
  [1m[36mContact Load (0.1ms)[0m  [1m[34mSELECT "contacts".* FROM "contacts"[0m
  ↳ app/views/contacts/index.html.erb:15
  Rendered contacts/index.html.erb within layouts/application (Duration: 2.0ms | Allocations: 1354)
[Webpacker] Everything's up-to-date. Nothing to do
Completed 200 OK in 8ms (Views: 7.0ms | ActiveRecord: 0.1ms | Allocations: 4925)


Started GET "/contacts/new" for ::1 at 2022-08-05 20:27:13 +0500
Processing by ContactsController#new as HTML
  Rendering contacts/new.html.erb within layouts/application
  Rendered contacts/_form.html.erb (Duration: 3.1ms | Allocations: 1223)
  Rendered contacts/new.html.erb within layouts/application (Duration: 4.0ms | Allocations: 1440)
[Webpacker] Everything's up-to-date. Nothing to do
Completed 200 OK in 13ms (Views: 11.8ms | ActiveRecord: 0.0ms | Allocations: 5148)


